INFO Watching for file changes with StatReloader
DEBUG Waiting for apps ready_event.
DEBUG Apps ready_event triggered. Sending autoreload_started signal.
DEBUG Watching dir C:\Users\shiva\assignment\weather\templates with glob **/*.
DEBUG Watching dir C:\Users\shiva\environment\assignenv\lib\site-packages\rest_framework\templates with glob **/*.
DEBUG Watching dir C:\Users\shiva\assignment\weather\locale with glob **/*.mo.
DEBUG Watching dir C:\Users\shiva\environment\assignenv\lib\site-packages\rest_framework\locale with glob **/*.mo.
DEBUG Watching dir C:\Users\shiva\assignment\weather\weatherapp\locale with glob **/*.mo.
DEBUG (0.000) 
            SELECT name, type FROM sqlite_master
            WHERE type in ('table', 'view') AND NOT name='sqlite_sequence'
            ORDER BY name; args=None
DEBUG (0.000) SELECT "django_migrations"."id", "django_migrations"."app", "django_migrations"."name", "django_migrations"."applied" FROM "django_migrations"; args=()
DEBUG File C:\Users\shiva\AppData\Local\Programs\Python\Python39\Lib\logging\config.py first seen with mtime 1620034494.0
DEBUG File C:\Users\shiva\environment\assignenv\Lib\site-packages\django\contrib\staticfiles\management\__init__.py first seen with mtime 1662600673.1802254
DEBUG File C:\Users\shiva\environment\assignenv\Lib\site-packages\django\contrib\staticfiles\checks.py first seen with mtime 1662600673.1562083
DEBUG File C:\Users\shiva\environment\assignenv\Lib\site-packages\django\views\generic\dates.py first seen with mtime 1662600674.4137526
DEBUG File C:\Users\shiva\environment\assignenv\Lib\site-packages\django\utils\ipv6.py first seen with mtime 1662600674.2987418
DEBUG File C:\Users\shiva\environment\assignenv\Lib\site-packages\django\core\files\utils.py first seen with mtime 1662600673.3246832
DEBUG File C:\Users\shiva\environment\assignenv\Lib\site-packages\rest_framework\serializers.py first seen with mtime 1662600816.1038084
DEBUG File C:\Users\shiva\environment\assignenv\Lib\site-packages\asgiref\__init__.py first seen with mtime 1662600657.879346
DEBUG File C:\Users\shiva\environment\assignenv\Lib\site-packages\django\__init__.py first seen with mtime 1662600660.8285239
DEBUG File C:\Users\shiva\environment\assignenv\Lib\site-packages\django\db\backends\base\introspection.py first seen with mtime 1662600673.5216978
DEBUG File C:\Users\shiva\environment\assignenv\Lib\site-packages\django\contrib\__init__.py first seen with mtime 1662600661.787592
DEBUG File C:\Users\shiva\environment\assignenv\Lib\site-packages\rest_framework\status.py first seen with mtime 1662600816.1078062
DEBUG File C:\Users\shiva\environment\assignenv\Lib\site-packages\rest_framework\utils\field_mapping.py first seen with mtime 1662600816.7437751
DEBUG File C:\Users\shiva\environment\assignenv\Lib\site-packages\rest_framework\__init__.py first seen with mtime 1662600816.0225978
DEBUG File C:\Users\shiva\environment\assignenv\Lib\site-packages\setuptools\_vendor\packaging\_musllinux.py first seen with mtime 1662600439.2873094
DEBUG File C:\Users\shiva\AppData\Local\Programs\Python\Python39\Lib\asyncio\runners.py first seen with mtime 1620034494.0
DEBUG File C:\Users\shiva\AppData\Local\Programs\Python\Python39\Lib\xml\dom\NodeFilter.py first seen with mtime 1620034496.0
DEBUG File C:\Users\shiva\environment\assignenv\Lib\site-packages\django\db\backends\sqlite3\schema.py first seen with mtime 1662600673.6477084
DEBUG File C:\Users\shiva\environment\assignenv\Lib\site-packages\django\db\models\expressions.py first seen with mtime 1662600673.7377112
DEBUG File C:\Users\shiva\environment\assignenv\Lib\site-packages\django\contrib\messages\apps.py first seen with mtime 1662600669.1213014
DEBUG File C:\Users\shiva\environment\assignenv\Lib\site-packages\setuptools\_distutils\version.py first seen with mtime 1662600436.5377946
DEBUG File C:\Users\shiva\environment\assignenv\Lib\site-packages\django\db\migrations\loader.py first seen with mtime 1662600673.6817102
DEBUG File C:\Users\shiva\environment\assignenv\Lib\site-packages\django\db\backends\base\base.py first seen with mtime 1662600673.501694
DEBUG File C:\Users\shiva\AppData\Local\Programs\Python\Python39\Lib\keyword.py first seen with mtime 1620034494.0
DEBUG File C:\Users\shiva\environment\assignenv\Lib\site-packages\sqlparse\engine\__init__.py first seen with mtime 1662600657.0112805
DEBUG File C:\Users\shiva\environment\assignenv\Lib\site-packages\pkg_resources\_vendor\packaging\version.py first seen with mtime 1662600430.470181
DEBUG File C:\Users\shiva\environment\assignenv\Lib\site-packages\django\views\generic\edit.py first seen with mtime 1662600674.4177504
DEBUG File C:\Users\shiva\environment\assignenv\Lib\site-packages\django\core\cache\backends\base.py first seen with mtime 1662600673.2422304
DEBUG File C:\Users\shiva\environment\assignenv\Lib\site-packages\django\core\serializers\base.py first seen with mtime 1662600673.4666946
DEBUG File C:\Users\shiva\AppData\Local\Programs\Python\Python39\Lib\shutil.py first seen with mtime 1620034494.0
DEBUG File C:\Users\shiva\environment\assignenv\Lib\site-packages\setuptools\command\__init__.py first seen with mtime 1662600434.2443602
DEBUG File C:\Users\shiva\environment\assignenv\Lib\site-packages\pkg_resources\_vendor\pyparsing\unicode.py first seen with mtime 1662600431.1696744
DEBUG File C:\Users\shiva\environment\assignenv\Lib\site-packages\django\contrib\admindocs\__init__.py first seen with mtime 1662600663.7017348
DEBUG File C:\Users\shiva\environment\assignenv\Lib\site-packages\django\dispatch\dispatcher.py first seen with mtime 1662600673.838722
DEBUG File C:\Users\shiva\AppData\Local\Programs\Python\Python39\Lib\getpass.py first seen with mtime 1620034494.0
DEBUG File C:\Users\shiva\environment\assignenv\Lib\site-packages\pkg_resources\_vendor\pyparsing\util.py first seen with mtime 1662600431.3106842
DEBUG File C:\Users\shiva\environment\assignenv\Lib\site-packages\django\db\backends\base\operations.py first seen with mtime 1662600673.5246973
DEBUG File C:\Users\shiva\environment\assignenv\Lib\site-packages\rest_framework\utils\representation.py first seen with mtime 1662600816.7717755
DEBUG File C:\Users\shiva\environment\assignenv\Lib\site-packages\django\core\checks\security\csrf.py first seen with mtime 1662600673.291234
DEBUG File C:\Users\shiva\environment\assignenv\Lib\site-packages\django\contrib\auth\models.py first seen with mtime 1662600665.295094
DEBUG File C:\Users\shiva\environment\assignenv\Lib\site-packages\django\core\__init__.py first seen with mtime 1662600673.2062416
DEBUG File C:\Users\shiva\AppData\Local\Programs\Python\Python39\DLLs\_queue.pyd first seen with mtime 1620034544.0
DEBUG File C:\Users\shiva\environment\assignenv\Lib\site-packages\django\contrib\admin\apps.py first seen with mtime 1662600661.7945914
DEBUG File C:\Users\shiva\environment\assignenv\Lib\site-packages\django\utils\termcolors.py first seen with mtime 1662600674.3187432
DEBUG File C:\Users\shiva\environment\assignenv\Lib\site-packages\setuptools\_distutils\file_util.py first seen with mtime 1662600435.998335
DEBUG File C:\Users\shiva\environment\assignenv\Lib\site-packages\django\views\decorators\cache.py first seen with mtime 1662600674.3877497
DEBUG File C:\Users\shiva\environment\assignenv\Lib\site-packages\pkg_resources\_vendor\pyparsing\common.py first seen with mtime 1662600430.7982268
DEBUG File C:\Users\shiva\AppData\Local\Programs\Python\Python39\Lib\_compression.py first seen with mtime 1620034494.0
DEBUG File C:\Users\shiva\environment\assignenv\Lib\site-packages\django\db\models\fields\__init__.py first seen with mtime 1662600673.7607148
DEBUG File C:\Users\shiva\AppData\Local\Programs\Python\Python39\Lib\asyncio\base_events.py first seen with mtime 1620034494.0
DEBUG File C:\Users\shiva\AppData\Local\Programs\Python\Python39\Lib\ntpath.py first seen with mtime 1620034494.0
DEBUG File C:\Users\shiva\environment\assignenv\Lib\site-packages\django\utils\log.py first seen with mtime 1662600674.305743
DEBUG File C:\Users\shiva\environment\assignenv\Lib\site-packages\django\contrib\auth\forms.py first seen with mtime 1662600665.285095
DEBUG File C:\Users\shiva\environment\assignenv\Lib\site-packages\pytz\lazy.py first seen with mtime 1662600654.224959
DEBUG File C:\Users\shiva\environment\assignenv\Lib\site-packages\pkg_resources\_vendor\packaging\specifiers.py first seen with mtime 1662600430.2922628
DEBUG File C:\Users\shiva\environment\assignenv\Lib\site-packages\django\contrib\sites\shortcuts.py first seen with mtime 1662600672.6199222
DEBUG File C:\Users\shiva\environment\assignenv\Lib\site-packages\sqlparse\filters\__init__.py first seen with mtime 1662600657.020281
DEBUG File C:\Users\shiva\environment\assignenv\Lib\site-packages\rest_framework\schemas\__init__.py first seen with mtime 1662600816.398726
DEBUG File C:\Users\shiva\environment\assignenv\Lib\site-packages\rest_framework\validators.py first seen with mtime 1662600816.130808
DEBUG File C:\Users\shiva\environment\assignenv\Lib\site-packages\setuptools\_distutils\debug.py first seen with mtime 1662600435.63331
DEBUG File C:\Users\shiva\environment\assignenv\Lib\site-packages\django\contrib\auth\decorators.py first seen with mtime 1662600665.2830932
DEBUG File C:\Users\shiva\environment\assignenv\Lib\site-packages\setuptools\msvc.py first seen with mtime 1662600432.321731
DEBUG File C:\Users\shiva\environment\assignenv\Lib\site-packages\django\template\defaultfilters.py first seen with mtime 1662600674.106728
DEBUG File C:\Users\shiva\AppData\Local\Programs\Python\Python39\Lib\wsgiref\util.py first seen with mtime 1620034496.0
DEBUG File C:\Users\shiva\AppData\Local\Programs\Python\Python39\Lib\fnmatch.py first seen with mtime 1620034494.0
DEBUG File C:\Users\shiva\environment\assignenv\Lib\site-packages\django\contrib\staticfiles\handlers.py first seen with mtime 1662600673.160207
DEBUG File C:\Users\shiva\AppData\Local\Programs\Python\Python39\Lib\ipaddress.py first seen with mtime 1620034494.0
DEBUG File C:\Users\shiva\AppData\Local\Programs\Python\Python39\Lib\concurrent\futures\__init__.py first seen with mtime 1620034494.0
DEBUG File C:\Users\shiva\environment\assignenv\Lib\site-packages\django\db\utils.py first seen with mtime 1662600673.4886923
DEBUG File C:\Users\shiva\environment\assignenv\Lib\site-packages\setuptools\dist.py first seen with mtime 1662600431.8022702
DEBUG File C:\Users\shiva\environment\assignenv\Lib\site-packages\django\core\serializers\python.py first seen with mtime 1662600673.4726942
DEBUG File C:\Users\shiva\environment\assignenv\Lib\site-packages\django\templatetags\i18n.py first seen with mtime 1662600674.1647315
DEBUG File C:\Users\shiva\environment\assignenv\Lib\site-packages\pkg_resources\_vendor\pyparsing\core.py first seen with mtime 1662600430.8452284
DEBUG File C:\Users\shiva\environment\assignenv\Lib\site-packages\django\core\checks\registry.py first seen with mtime 1662600673.2772298
DEBUG File C:\Users\shiva\environment\assignenv\Lib\site-packages\setuptools\_distutils\config.py first seen with mtime 1662600435.5413008
DEBUG File C:\Users\shiva\environment\assignenv\Lib\site-packages\django\db\migrations\exceptions.py first seen with mtime 1662600673.6637115
DEBUG File C:\Users\shiva\AppData\Local\Programs\Python\Python39\Lib\tkinter\commondialog.py first seen with mtime 1620034496.0
DEBUG File C:\Users\shiva\AppData\Local\Programs\Python\Python39\Lib\xml\dom\domreg.py first seen with mtime 1620034496.0
DEBUG File C:\Users\shiva\environment\assignenv\Lib\site-packages\pkg_resources\_vendor\packaging\_musllinux.py first seen with mtime 1662600430.5672083
DEBUG File C:\Users\shiva\environment\assignenv\Lib\site-packages\django\template\utils.py first seen with mtime 1662600674.1237314
DEBUG File C:\Users\shiva\environment\assignenv\Lib\site-packages\rest_framework\templatetags\rest_framework.py first seen with mtime 1662600816.7337694
DEBUG File C:\Users\shiva\environment\assignenv\Lib\site-packages\django\db\models\enums.py first seen with mtime 1662600673.7357118
DEBUG File C:\Users\shiva\environment\assignenv\Lib\site-packages\django\views\generic\base.py first seen with mtime 1662600674.4107513
DEBUG File C:\Users\shiva\environment\assignenv\Lib\site-packages\setuptools\_imp.py first seen with mtime 1662600432.9102638
DEBUG File C:\Users\shiva\environment\assignenv\Lib\site-packages\rest_framework\utils\urls.py first seen with mtime 1662600816.776775
DEBUG File C:\Users\shiva\environment\assignenv\Lib\site-packages\django\views\debug.py first seen with mtime 1662600674.3757484
DEBUG File C:\Users\shiva\environment\assignenv\Lib\site-packages\django\core\validators.py first seen with mtime 1662600673.230227
DEBUG File C:\Users\shiva\AppData\Local\Programs\Python\Python39\Lib\email\mime\text.py first seen with mtime 1620034494.0
DEBUG File C:\Users\shiva\environment\assignenv\Lib\site-packages\rest_framework\utils\__init__.py first seen with mtime 1662600816.7357697
DEBUG File C:\Users\shiva\AppData\Local\Programs\Python\Python39\Lib\pprint.py first seen with mtime 1620034494.0
DEBUG File C:\Users\shiva\AppData\Local\Programs\Python\Python39\Lib\signal.py first seen with mtime 1620034494.0
DEBUG File C:\Users\shiva\environment\assignenv\Lib\site-packages\django\utils\connection.py first seen with mtime 1662600674.2477412
DEBUG File C:\Users\shiva\AppData\Local\Programs\Python\Python39\Lib\importlib\util.py first seen with mtime 1620034494.0
DEBUG File C:\Users\shiva\environment\assignenv\Lib\site-packages\setuptools\_distutils\log.py first seen with mtime 1662600436.0463407
DEBUG File C:\Users\shiva\AppData\Local\Programs\Python\Python39\Lib\xml\dom\__init__.py first seen with mtime 1620034496.0
DEBUG File C:\Users\shiva\AppData\Local\Programs\Python\Python39\Lib\unittest\main.py first seen with mtime 1620034496.0
DEBUG File C:\Users\shiva\environment\assignenv\Lib\site-packages\django\db\models\__init__.py first seen with mtime 1662600673.7207103
DEBUG File C:\Users\shiva\AppData\Local\Programs\Python\Python39\Lib\enum.py first seen with mtime 1620034494.0
DEBUG File C:\Users\shiva\environment\assignenv\Lib\site-packages\django\db\migrations\operations\fields.py first seen with mtime 1662600673.706709
DEBUG File C:\Users\shiva\environment\assignenv\Lib\site-packages\django\db\backends\sqlite3\base.py first seen with mtime 1662600673.6277049
DEBUG File C:\Users\shiva\AppData\Local\Programs\Python\Python39\Lib\copyreg.py first seen with mtime 1620034494.0
DEBUG File C:\Users\shiva\AppData\Local\Programs\Python\Python39\Lib\email\mime\__init__.py first seen with mtime 1620034494.0
DEBUG File C:\Users\shiva\environment\assignenv\Lib\site-packages\django\http\multipartparser.py first seen with mtime 1662600674.0377355
DEBUG File C:\Users\shiva\environment\assignenv\Lib\site-packages\django\urls\exceptions.py first seen with mtime 1662600674.2147348
DEBUG File C:\Users\shiva\AppData\Local\Programs\Python\Python39\Lib\io.py first seen with mtime 1620034494.0
DEBUG File C:\Users\shiva\AppData\Local\Programs\Python\Python39\Lib\email\_parseaddr.py first seen with mtime 1620034494.0
DEBUG File C:\Users\shiva\environment\assignenv\Lib\site-packages\django\db\models\sql\where.py first seen with mtime 1662600673.8337202
DEBUG File C:\Users\shiva\environment\assignenv\Lib\site-packages\django\db\models\functions\window.py first seen with mtime 1662600673.8117194
DEBUG File C:\Users\shiva\AppData\Local\Programs\Python\Python39\Lib\sqlite3\__init__.py first seen with mtime 1620034494.0
DEBUG File C:\Users\shiva\AppData\Local\Programs\Python\Python39\Lib\ast.py first seen with mtime 1620034494.0
DEBUG File C:\Users\shiva\environment\assignenv\Lib\site-packages\django\core\cache\utils.py first seen with mtime 1662600673.2382283
DEBUG File C:\Users\shiva\environment\assignenv\Lib\site-packages\django\utils\numberformat.py first seen with mtime 1662600674.3127427
DEBUG File C:\Users\shiva\environment\assignenv\Lib\site-packages\django\utils\crypto.py first seen with mtime 1662600674.249742
DEBUG File C:\Users\shiva\environment\assignenv\Lib\site-packages\django\contrib\admin\templatetags\log.py first seen with mtime 1662600663.6917348
DEBUG File C:\Users\shiva\environment\assignenv\Lib\site-packages\django\contrib\staticfiles\views.py first seen with mtime 1662600673.1792228
DEBUG File C:\Users\shiva\environment\assignenv\Lib\site-packages\rest_framework\utils\formatting.py first seen with mtime 1662600816.7567725
DEBUG File C:\Users\shiva\AppData\Local\Programs\Python\Python39\Lib\abc.py first seen with mtime 1620034494.0
DEBUG File C:\Users\shiva\environment\assignenv\Lib\site-packages\sqlparse\filters\reindent.py first seen with mtime 1662600657.0302851
DEBUG File C:\Users\shiva\environment\assignenv\Lib\site-packages\django\utils\hashable.py first seen with mtime 1662600674.2817407
DEBUG File C:\Users\shiva\environment\assignenv\Lib\site-packages\django\contrib\staticfiles\utils.py first seen with mtime 1662600673.177223
DEBUG File C:\Users\shiva\environment\assignenv\Lib\site-packages\django\contrib\auth\checks.py first seen with mtime 1662600665.276094
DEBUG File C:\Users\shiva\environment\assignenv\Lib\site-packages\django\contrib\messages\middleware.py first seen with mtime 1662600669.1323013
DEBUG File C:\Users\shiva\AppData\Local\Programs\Python\Python39\Lib\inspect.py first seen with mtime 1620034494.0
DEBUG File C:\Users\shiva\environment\assignenv\Lib\site-packages\setuptools\_vendor\more_itertools\recipes.py first seen with mtime 1662600438.8932793
DEBUG File C:\Users\shiva\environment\assignenv\Lib\site-packages\django\db\backends\sqlite3\operations.py first seen with mtime 1662600673.6447053
DEBUG File C:\Users\shiva\environment\assignenv\Lib\site-packages\pkg_resources\_vendor\__init__.py first seen with mtime 1662600429.0907545
DEBUG File C:\Users\shiva\environment\assignenv\Lib\site-packages\setuptools\config\pyprojecttoml.py first seen with mtime 1662600434.49738
DEBUG File C:\Users\shiva\environment\assignenv\Lib\site-packages\django\db\models\fields\related_descriptors.py first seen with mtime 1662600673.784716
DEBUG File C:\Users\shiva\AppData\Local\Programs\Python\Python39\Lib\asyncio\windows_events.py first seen with mtime 1620034494.0
DEBUG File C:\Users\shiva\environment\assignenv\Lib\site-packages\django\contrib\auth\hashers.py first seen with mtime 1662600665.2870936
DEBUG File C:\Users\shiva\AppData\Local\Programs\Python\Python39\DLLs\_decimal.pyd first seen with mtime 1620034546.0
DEBUG File C:\Users\shiva\environment\assignenv\Lib\site-packages\setuptools\_distutils\ccompiler.py first seen with mtime 1662600435.4642956
DEBUG File C:\Users\shiva\environment\assignenv\Lib\site-packages\django\template\engine.py first seen with mtime 1662600674.1107285
DEBUG File C:\Users\shiva\environment\assignenv\Lib\site-packages\django\db\models\sql\subqueries.py first seen with mtime 1662600673.8317192
DEBUG File C:\Users\shiva\environment\assignenv\Lib\site-packages\setuptools\_distutils\cmd.py first seen with mtime 1662600435.498298
DEBUG File C:\Users\shiva\environment\assignenv\Lib\site-packages\setuptools\extension.py first seen with mtime 1662600431.8622737
DEBUG File C:\Users\shiva\environment\assignenv\Lib\site-packages\django\conf\global_settings.py first seen with mtime 1662600660.8505237
DEBUG File C:\Users\shiva\AppData\Local\Programs\Python\Python39\Lib\concurrent\futures\thread.py first seen with mtime 1620034494.0
DEBUG File C:\Users\shiva\environment\assignenv\Lib\site-packages\setuptools\logging.py first seen with mtime 1662600432.213796
DEBUG File C:\Users\shiva\environment\assignenv\Lib\site-packages\setuptools\_distutils\archive_util.py first seen with mtime 1662600435.3772893
DEBUG File C:\Users\shiva\environment\assignenv\Lib\site-packages\django\utils\topological_sort.py first seen with mtime 1662600674.3387437
DEBUG File C:\Users\shiva\environment\assignenv\Lib\site-packages\django\contrib\sessions\backends\__init__.py first seen with mtime 1662600671.939869
DEBUG File C:\Users\shiva\AppData\Local\Programs\Python\Python39\Lib\email\contentmanager.py first seen with mtime 1620034494.0
DEBUG File C:\Users\shiva\environment\assignenv\Lib\site-packages\pkg_resources\_vendor\packaging\markers.py first seen with mtime 1662600430.1807547
DEBUG File C:\Users\shiva\environment\assignenv\Lib\site-packages\django\core\checks\database.py first seen with mtime 1662600673.2672288
DEBUG File C:\Users\shiva\environment\assignenv\Lib\site-packages\django\db\models\fields\proxy.py first seen with mtime 1662600673.7707148
DEBUG File C:\Users\shiva\environment\assignenv\Lib\site-packages\rest_framework\fields.py first seen with mtime 1662600816.0518162
DEBUG File C:\Users\shiva\environment\assignenv\Lib\site-packages\django\contrib\contenttypes\apps.py first seen with mtime 1662600666.156158
DEBUG File C:\Users\shiva\environment\assignenv\Lib\site-packages\rest_framework\utils\html.py first seen with mtime 1662600816.758775
DEBUG File C:\Users\shiva\environment\assignenv\Lib\site-packages\setuptools\_vendor\pyparsing\testing.py first seen with mtime 1662600439.805602
DEBUG File C:\Users\shiva\environment\assignenv\Lib\site-packages\setuptools\_vendor\pyparsing\helpers.py first seen with mtime 1662600439.6551268
DEBUG File C:\Users\shiva\AppData\Local\Programs\Python\Python39\Lib\tempfile.py first seen with mtime 1620034494.0
DEBUG File C:\Users\shiva\assignment\weather\weatherapp\models.py first seen with mtime 1662634727.9364235
DEBUG File C:\Users\shiva\AppData\Local\Programs\Python\Python39\Lib\posixpath.py first seen with mtime 1620034494.0
DEBUG File C:\Users\shiva\AppData\Local\Programs\Python\Python39\DLLs\_bz2.pyd first seen with mtime 1620034544.0
DEBUG File C:\Users\shiva\environment\assignenv\Lib\site-packages\setuptools\_vendor\importlib_metadata\_itertools.py first seen with mtime 1662600438.2752311
DEBUG File C:\Users\shiva\environment\assignenv\Lib\site-packages\django\contrib\sessions\models.py first seen with mtime 1662600671.9358685
DEBUG File C:\Users\shiva\AppData\Local\Programs\Python\Python39\DLLs\_socket.pyd first seen with mtime 1620034544.0
DEBUG File C:\Users\shiva\AppData\Local\Programs\Python\Python39\Lib\importlib\_common.py first seen with mtime 1620034494.0
DEBUG File C:\Users\shiva\environment\assignenv\Lib\site-packages\django\utils\text.py first seen with mtime 1662600674.3217425
DEBUG File C:\Users\shiva\environment\assignenv\Lib\site-packages\django\utils\asyncio.py first seen with mtime 1662600674.2267363
DEBUG File C:\Users\shiva\environment\assignenv\Lib\site-packages\django\core\management\sql.py first seen with mtime 1662600673.3836868
DEBUG File C:\Users\shiva\environment\assignenv\Lib\site-packages\django\templatetags\l10n.py first seen with mtime 1662600674.1677318
DEBUG File C:\Users\shiva\environment\assignenv\Lib\site-packages\setuptools\_vendor\pyparsing\actions.py first seen with mtime 1662600439.367315
DEBUG File C:\Users\shiva\environment\assignenv\Lib\site-packages\django\contrib\sites\__init__.py first seen with mtime 1662600672.6029174
DEBUG File C:\Users\shiva\environment\assignenv\Lib\site-packages\_virtualenv.py first seen with mtime 1662600427.1566358
DEBUG File C:\Users\shiva\environment\assignenv\Lib\site-packages\django\contrib\contenttypes\__init__.py first seen with mtime 1662600666.1511588
DEBUG File C:\Users\shiva\AppData\Local\Programs\Python\Python39\Lib\csv.py first seen with mtime 1620034494.0
DEBUG File C:\Users\shiva\environment\assignenv\Lib\site-packages\django\views\defaults.py first seen with mtime 1662600674.3777485
DEBUG File C:\Users\shiva\AppData\Local\Programs\Python\Python39\Lib\operator.py first seen with mtime 1620034494.0
DEBUG File C:\Users\shiva\environment\assignenv\Lib\site-packages\django\utils\__init__.py first seen with mtime 1662600674.2207358
DEBUG File C:\Users\shiva\environment\assignenv\Lib\site-packages\asgiref\local.py first seen with mtime 1662600657.8853455
DEBUG File C:\Users\shiva\environment\assignenv\Lib\site-packages\setuptools\_vendor\packaging\__about__.py first seen with mtime 1662600439.3523147
DEBUG File C:\Users\shiva\environment\assignenv\Lib\site-packages\setuptools\_vendor\importlib_metadata\_text.py first seen with mtime 1662600438.3132348
DEBUG File C:\Users\shiva\environment\assignenv\Lib\site-packages\django\core\mail\__init__.py first seen with mtime 1662600673.338684
DEBUG File C:\Users\shiva\environment\assignenv\Lib\site-packages\django\conf\urls\__init__.py first seen with mtime 1662600661.7815907
DEBUG File C:\Users\shiva\AppData\Local\Programs\Python\Python39\Lib\ctypes\wintypes.py first seen with mtime 1620034494.0
DEBUG File C:\Users\shiva\environment\assignenv\Lib\site-packages\django\db\backends\base\schema.py first seen with mtime 1662600673.5266955
DEBUG File C:\Users\shiva\AppData\Local\Programs\Python\Python39\Lib\encodings\__init__.py first seen with mtime 1620034494.0
DEBUG File C:\Users\shiva\AppData\Local\Programs\Python\Python39\Lib\argparse.py first seen with mtime 1620034494.0
DEBUG File C:\Users\shiva\AppData\Local\Programs\Python\Python39\Lib\wsgiref\handlers.py first seen with mtime 1620034496.0
DEBUG File C:\Users\shiva\environment\assignenv\Lib\site-packages\django\core\management\color.py first seen with mtime 1662600673.3816862
DEBUG File C:\Users\shiva\environment\assignenv\Lib\site-packages\django\contrib\auth\tokens.py first seen with mtime 1662600665.3020957
DEBUG File C:\Users\shiva\environment\assignenv\Lib\site-packages\django\test\__init__.py first seen with mtime 1662600674.1777327
DEBUG File C:\Users\shiva\environment\assignenv\Lib\site-packages\sqlparse\tokens.py first seen with mtime 1662600657.0072813
DEBUG File C:\Users\shiva\environment\assignenv\Lib\site-packages\django\db\models\manager.py first seen with mtime 1662600673.744713
DEBUG File C:\Users\shiva\AppData\Local\Programs\Python\Python39\Lib\pathlib.py first seen with mtime 1620034494.0
DEBUG File C:\Users\shiva\environment\assignenv\Lib\site-packages\pkg_resources\_vendor\more_itertools\recipes.py first seen with mtime 1662600430.0649762
DEBUG File C:\Users\shiva\AppData\Local\Programs\Python\Python39\Lib\json\scanner.py first seen with mtime 1620034494.0
DEBUG File C:\Users\shiva\environment\assignenv\Lib\site-packages\django\db\models\fields\json.py first seen with mtime 1662600673.7667153
DEBUG File C:\Users\shiva\environment\assignenv\Lib\site-packages\django\template\backends\__init__.py first seen with mtime 1662600674.1257305
DEBUG File C:\Users\shiva\environment\assignenv\Lib\site-packages\rest_framework\request.py first seen with mtime 1662600816.0758092
DEBUG File C:\Users\shiva\environment\assignenv\Lib\site-packages\django\utils\autoreload.py first seen with mtime 1662600674.2287364
DEBUG File C:\Users\shiva\environment\assignenv\Lib\site-packages\django\contrib\admin\widgets.py first seen with mtime 1662600661.8745978
DEBUG File C:\Users\shiva\environment\assignenv\Lib\site-packages\django\db\models\sql\datastructures.py first seen with mtime 1662600673.8237174
DEBUG File C:\Users\shiva\environment\assignenv\Lib\site-packages\rest_framework\schemas\utils.py first seen with mtime 1662600816.4217515
DEBUG File C:\Users\shiva\AppData\Local\Programs\Python\Python39\Lib\email\headerregistry.py first seen with mtime 1620034494.0
DEBUG File C:\Users\shiva\AppData\Local\Programs\Python\Python39\Lib\sqlite3\dbapi2.py first seen with mtime 1620034494.0
DEBUG File C:\Users\shiva\environment\assignenv\Lib\site-packages\django\core\files\uploadedfile.py first seen with mtime 1662600673.3206809
DEBUG File C:\Users\shiva\AppData\Local\Programs\Python\Python39\Lib\heapq.py first seen with mtime 1620034494.0
DEBUG File C:\Users\shiva\environment\assignenv\Lib\site-packages\sqlparse\exceptions.py first seen with mtime 1662600656.9812782
DEBUG File C:\Users\shiva\AppData\Local\Programs\Python\Python39\Lib\wsgiref\headers.py first seen with mtime 1620034496.0
DEBUG File C:\Users\shiva\AppData\Local\Programs\Python\Python39\Lib\tkinter\__init__.py first seen with mtime 1620034496.0
DEBUG File C:\Users\shiva\environment\assignenv\Lib\site-packages\rest_framework\schemas\inspectors.py first seen with mtime 1662600816.4047298
DEBUG File C:\Users\shiva\AppData\Local\Programs\Python\Python39\Lib\turtle.py first seen with mtime 1620034496.0
DEBUG File C:\Users\shiva\AppData\Local\Programs\Python\Python39\Lib\re.py first seen with mtime 1620034494.0
DEBUG File C:\Users\shiva\environment\assignenv\Lib\site-packages\django\utils\dateparse.py first seen with mtime 1662600674.255739
DEBUG File C:\Users\shiva\AppData\Local\Programs\Python\Python39\Lib\fractions.py first seen with mtime 1620034494.0
DEBUG File C:\Users\shiva\environment\assignenv\Lib\site-packages\django\template\context.py first seen with mtime 1662600674.0744853
DEBUG File C:\Users\shiva\environment\assignenv\Lib\site-packages\django\utils\translation\__init__.py first seen with mtime 1662600674.348746
DEBUG File C:\Users\shiva\environment\assignenv\Lib\site-packages\django\conf\locale\__init__.py first seen with mtime 1662600660.8705256
DEBUG File C:\Users\shiva\environment\assignenv\Lib\site-packages\django\db\migrations\operations\__init__.py first seen with mtime 1662600673.701709
DEBUG File C:\Users\shiva\environment\assignenv\Lib\site-packages\django\views\decorators\csrf.py first seen with mtime 1662600674.3977501
DEBUG File C:\Users\shiva\AppData\Local\Programs\Python\Python39\Lib\email\header.py first seen with mtime 1620034494.0
DEBUG File C:\Users\shiva\AppData\Local\Programs\Python\Python39\DLLs\_overlapped.pyd first seen with mtime 1620034544.0
DEBUG File C:\Users\shiva\AppData\Local\Programs\Python\Python39\Lib\asyncio\subprocess.py first seen with mtime 1620034494.0
DEBUG File C:\Users\shiva\AppData\Local\Programs\Python\Python39\Lib\calendar.py first seen with mtime 1620034494.0
DEBUG File C:\Users\shiva\environment\assignenv\Lib\site-packages\django\views\generic\list.py first seen with mtime 1662600674.4197495
DEBUG File C:\Users\shiva\AppData\Local\Programs\Python\Python39\DLLs\_hashlib.pyd first seen with mtime 1620034544.0
DEBUG File C:\Users\shiva\AppData\Local\Programs\Python\Python39\Lib\email\feedparser.py first seen with mtime 1620034494.0
DEBUG File C:\Users\shiva\environment\assignenv\Lib\site-packages\rest_framework\renderers.py first seen with mtime 1662600816.0738056
DEBUG File C:\Users\shiva\environment\assignenv\Lib\site-packages\rest_framework\utils\mediatypes.py first seen with mtime 1662600816.766775
DEBUG File C:\Users\shiva\environment\assignenv\Lib\site-packages\setuptools\_vendor\packaging\_manylinux.py first seen with mtime 1662600439.249307
DEBUG File C:\Users\shiva\AppData\Local\Programs\Python\Python39\Lib\sre_parse.py first seen with mtime 1620034494.0
DEBUG File C:\Users\shiva\AppData\Local\Programs\Python\Python39\DLLs\_tkinter.pyd first seen with mtime 1620034544.0
DEBUG File C:\Users\shiva\environment\assignenv\Lib\site-packages\setuptools\discovery.py first seen with mtime 1662600431.7442627
DEBUG File C:\Users\shiva\environment\assignenv\Lib\site-packages\django\contrib\admin\templatetags\__init__.py first seen with mtime 1662600663.6787305
DEBUG File C:\Users\shiva\environment\assignenv\Lib\site-packages\rest_framework\compat.py first seen with mtime 1662600816.0418024
DEBUG File C:\Users\shiva\environment\assignenv\Lib\site-packages\setuptools\_reqs.py first seen with mtime 1662600432.994269
DEBUG File C:\Users\shiva\environment\assignenv\Lib\site-packages\django\core\checks\messages.py first seen with mtime 1662600673.2692325
DEBUG File C:\Users\shiva\environment\assignenv\Lib\site-packages\django\contrib\admin\views\autocomplete.py first seen with mtime 1662600663.6957338
DEBUG File C:\Users\shiva\environment\assignenv\Lib\site-packages\django\db\models\utils.py first seen with mtime 1662600673.7577133
DEBUG File C:\Users\shiva\AppData\Local\Programs\Python\Python39\Lib\_compat_pickle.py first seen with mtime 1620034494.0
DEBUG File C:\Users\shiva\environment\assignenv\Lib\site-packages\django\templatetags\static.py first seen with mtime 1662600674.1697326
DEBUG File C:\Users\shiva\environment\assignenv\Lib\site-packages\rest_framework\utils\json.py first seen with mtime 1662600816.7637713
DEBUG File C:\Users\shiva\environment\assignenv\Lib\site-packages\django\db\models\functions\math.py first seen with mtime 1662600673.8017182
DEBUG File C:\Users\shiva\environment\assignenv\Lib\site-packages\django\template\backends\django.py first seen with mtime 1662600674.1297297
DEBUG File C:\Users\shiva\environment\assignenv\Lib\site-packages\django\middleware\security.py first seen with mtime 1662600674.065482
DEBUG File C:\Users\shiva\AppData\Local\Programs\Python\Python39\Lib\sysconfig.py first seen with mtime 1620034494.0
DEBUG File C:\Users\shiva\environment\assignenv\Lib\site-packages\pkg_resources\_vendor\packaging\__about__.py first seen with mtime 1662600430.6602194
DEBUG File C:\Users\shiva\AppData\Local\Programs\Python\Python39\Lib\contextlib.py first seen with mtime 1620034494.0
DEBUG File C:\Users\shiva\AppData\Local\Programs\Python\Python39\Lib\bisect.py first seen with mtime 1620034494.0
DEBUG File C:\Users\shiva\environment\assignenv\Lib\site-packages\setuptools\_vendor\importlib_metadata\_compat.py first seen with mtime 1662600438.0905774
DEBUG File C:\Users\shiva\environment\assignenv\Lib\site-packages\django\views\static.py first seen with mtime 1662600674.3827484
DEBUG File C:\Users\shiva\AppData\Local\Programs\Python\Python39\Lib\email\parser.py first seen with mtime 1620034494.0
DEBUG File C:\Users\shiva\AppData\Local\Programs\Python\Python39\Lib\json\__init__.py first seen with mtime 1620034494.0
DEBUG File C:\Users\shiva\AppData\Local\Programs\Python\Python39\Lib\importlib\machinery.py first seen with mtime 1620034494.0
DEBUG File C:\Users\shiva\AppData\Local\Programs\Python\Python39\Lib\importlib\abc.py first seen with mtime 1620034494.0
DEBUG File C:\Users\shiva\environment\assignenv\Lib\site-packages\sqlparse\filters\others.py first seen with mtime 1662600657.0252817
DEBUG File C:\Users\shiva\AppData\Local\Programs\Python\Python39\DLLs\pyexpat.pyd first seen with mtime 1620034546.0
DEBUG File C:\Users\shiva\AppData\Local\Programs\Python\Python39\Lib\collections\__init__.py first seen with mtime 1620034494.0
DEBUG File C:\Users\shiva\environment\assignenv\Lib\site-packages\django\db\models\aggregates.py first seen with mtime 1662600673.7227106
DEBUG File C:\Users\shiva\AppData\Local\Programs\Python\Python39\Lib\html\entities.py first seen with mtime 1620034494.0
DEBUG File C:\Users\shiva\environment\assignenv\Lib\site-packages\django\utils\datetime_safe.py first seen with mtime 1662600674.2607386
DEBUG File C:\Users\shiva\environment\assignenv\Lib\site-packages\django\db\migrations\__init__.py first seen with mtime 1662600673.6587062
DEBUG File C:\Users\shiva\environment\assignenv\Lib\site-packages\django\db\models\constraints.py first seen with mtime 1662600673.73071
DEBUG File C:\Users\shiva\environment\assignenv\Lib\site-packages\django\contrib\admin\templatetags\admin_urls.py first seen with mtime 1662600663.6877315
DEBUG File C:\Users\shiva\environment\assignenv\Lib\site-packages\setuptools\config\setupcfg.py first seen with mtime 1662600434.520381
DEBUG File C:\Users\shiva\environment\assignenv\Lib\site-packages\setuptools\_vendor\packaging\_structures.py first seen with mtime 1662600439.3063095
DEBUG File C:\Users\shiva\AppData\Local\Programs\Python\Python39\Lib\genericpath.py first seen with mtime 1620034494.0
DEBUG File C:\Users\shiva\AppData\Local\Programs\Python\Python39\Lib\sre_constants.py first seen with mtime 1620034494.0
DEBUG File C:\Users\shiva\environment\assignenv\Lib\site-packages\pkg_resources\_vendor\pyparsing\helpers.py first seen with mtime 1662600430.9819734
DEBUG File C:\Users\shiva\environment\assignenv\Lib\site-packages\django\db\backends\signals.py first seen with mtime 1662600673.495693
DEBUG File C:\Users\shiva\environment\assignenv\Lib\site-packages\rest_framework\utils\breadcrumbs.py first seen with mtime 1662600816.738773
DEBUG File C:\Users\shiva\assignment\weather\core\views.py first seen with mtime 1662562793.9954073
DEBUG File C:\Users\shiva\AppData\Local\Programs\Python\Python39\Lib\gzip.py first seen with mtime 1620034494.0
DEBUG File C:\Users\shiva\environment\assignenv\Lib\site-packages\django\contrib\messages\__init__.py first seen with mtime 1662600669.116299
DEBUG File C:\Users\shiva\AppData\Local\Programs\Python\Python39\Lib\pickle.py first seen with mtime 1620034494.0
DEBUG File C:\Users\shiva\AppData\Local\Programs\Python\Python39\Lib\unittest\loader.py first seen with mtime 1620034496.0
DEBUG File C:\Users\shiva\environment\assignenv\Lib\site-packages\django\core\files\move.py first seen with mtime 1662600673.3136797
DEBUG File C:\Users\shiva\environment\assignenv\Lib\site-packages\pkg_resources\_vendor\pyparsing\actions.py first seen with mtime 1662600430.753221
DEBUG File C:\Users\shiva\AppData\Local\Programs\Python\Python39\Lib\hmac.py first seen with mtime 1620034494.0
DEBUG File C:\Users\shiva\environment\assignenv\Lib\site-packages\django\utils\formats.py first seen with mtime 1662600674.2777412
DEBUG File C:\Users\shiva\AppData\Local\Programs\Python\Python39\Lib\linecache.py first seen with mtime 1620034494.0
DEBUG File C:\Users\shiva\AppData\Local\Programs\Python\Python39\Lib\encodings\aliases.py first seen with mtime 1620034494.0
DEBUG File C:\Users\shiva\environment\assignenv\Lib\site-packages\django\core\management\commands\__init__.py first seen with mtime 1662600673.392687
DEBUG File C:\Users\shiva\environment\assignenv\Lib\site-packages\pkg_resources\_vendor\packaging\_manylinux.py first seen with mtime 1662600430.5142038
DEBUG File C:\Users\shiva\AppData\Local\Programs\Python\Python39\Lib\asyncio\base_subprocess.py first seen with mtime 1620034494.0
DEBUG File C:\Users\shiva\environment\assignenv\Lib\site-packages\_distutils_hack\__init__.py first seen with mtime 1662600440.4445603
DEBUG File C:\Users\shiva\environment\assignenv\Lib\site-packages\setuptools\_vendor\pyparsing\exceptions.py first seen with mtime 1662600439.5281997
DEBUG File C:\Users\shiva\AppData\Local\Programs\Python\Python39\Lib\_weakrefset.py first seen with mtime 1620034494.0
DEBUG File C:\Users\shiva\environment\assignenv\Lib\site-packages\django\db\transaction.py first seen with mtime 1662600673.4866936
DEBUG File C:\Users\shiva\environment\assignenv\Lib\site-packages\django\urls\__init__.py first seen with mtime 1662600674.2057364
DEBUG File C:\Users\shiva\environment\assignenv\Lib\site-packages\django\template\exceptions.py first seen with mtime 1662600674.1127288
DEBUG File C:\Users\shiva\environment\assignenv\Lib\site-packages\django\db\models\functions\mixins.py first seen with mtime 1662600673.8067164
DEBUG File C:\Users\shiva\AppData\Local\Programs\Python\Python39\Lib\email\mime\multipart.py first seen with mtime 1620034494.0
DEBUG File C:\Users\shiva\environment\assignenv\Lib\site-packages\django\db\models\deletion.py first seen with mtime 1662600673.733712
DEBUG File C:\Users\shiva\environment\assignenv\Lib\site-packages\django\core\management\base.py first seen with mtime 1662600673.3796873
DEBUG File C:\Users\shiva\environment\assignenv\Lib\site-packages\django\utils\http.py first seen with mtime 1662600674.2867405
DEBUG File C:\Users\shiva\AppData\Local\Programs\Python\Python39\Lib\http\client.py first seen with mtime 1620034494.0
DEBUG File C:\Users\shiva\assignment\weather\manage.py first seen with mtime 1662600731.1849763
DEBUG File C:\Users\shiva\environment\assignenv\Lib\site-packages\django\contrib\admin\views\__init__.py first seen with mtime 1662600663.6937363
DEBUG File C:\Users\shiva\environment\assignenv\Lib\site-packages\django\contrib\admin\filters.py first seen with mtime 1662600661.8315966
DEBUG File C:\Users\shiva\environment\assignenv\Lib\site-packages\django\contrib\contenttypes\fields.py first seen with mtime 1662600666.16216
DEBUG File C:\Users\shiva\AppData\Local\Programs\Python\Python39\Lib\asyncio\constants.py first seen with mtime 1620034494.0
DEBUG File C:\Users\shiva\AppData\Local\Programs\Python\Python39\Lib\asyncio\proactor_events.py first seen with mtime 1620034494.0
DEBUG File C:\Users\shiva\environment\assignenv\Lib\site-packages\django\core\handlers\base.py first seen with mtime 1662600673.3316808
DEBUG File C:\Users\shiva\AppData\Local\Programs\Python\Python39\DLLs\_ssl.pyd first seen with mtime 1620034546.0
DEBUG File C:\Users\shiva\environment\assignenv\Lib\site-packages\django\utils\deprecation.py first seen with mtime 1662600674.2677388
DEBUG File C:\Users\shiva\environment\assignenv\Lib\site-packages\django\contrib\admin\__init__.py first seen with mtime 1662600661.7905922
DEBUG File C:\Users\shiva\environment\assignenv\Lib\site-packages\django\contrib\sessions\exceptions.py first seen with mtime 1662600671.9258678
DEBUG File C:\Users\shiva\AppData\Local\Programs\Python\Python39\Lib\statistics.py first seen with mtime 1620034494.0
DEBUG File C:\Users\shiva\environment\assignenv\Lib\site-packages\django\core\mail\utils.py first seen with mtime 1662600673.3436823
DEBUG File C:\Users\shiva\environment\assignenv\Lib\site-packages\rest_framework\utils\model_meta.py first seen with mtime 1662600816.7687736
DEBUG File C:\Users\shiva\AppData\Local\Programs\Python\Python39\Lib\mimetypes.py first seen with mtime 1620034494.0
DEBUG File C:\Users\shiva\AppData\Local\Programs\Python\Python39\Lib\asyncio\base_tasks.py first seen with mtime 1620034494.0
DEBUG File C:\Users\shiva\AppData\Local\Programs\Python\Python39\Lib\wsgiref\simple_server.py first seen with mtime 1620034496.0
DEBUG File C:\Users\shiva\environment\assignenv\Lib\site-packages\django\core\management\commands\runserver.py first seen with mtime 1662600673.4346888
DEBUG File C:\Users\shiva\AppData\Local\Programs\Python\Python39\Lib\asyncio\transports.py first seen with mtime 1620034494.0
DEBUG File C:\Users\shiva\environment\assignenv\Lib\site-packages\django\db\models\indexes.py first seen with mtime 1662600673.740713
DEBUG File C:\Users\shiva\environment\assignenv\Lib\site-packages\django\test\utils.py first seen with mtime 1662600674.2027347
DEBUG File C:\Users\shiva\AppData\Local\Programs\Python\Python39\Lib\html\__init__.py first seen with mtime 1620034494.0
DEBUG File C:\Users\shiva\environment\assignenv\Lib\site-packages\django\db\backends\base\__init__.py first seen with mtime 1662600673.4996939
DEBUG File C:\Users\shiva\AppData\Local\Programs\Python\Python39\Lib\asyncio\queues.py first seen with mtime 1620034494.0
DEBUG File C:\Users\shiva\environment\assignenv\Lib\site-packages\django\db\models\fields\files.py first seen with mtime 1662600673.7637138
DEBUG File C:\Users\shiva\AppData\Local\Programs\Python\Python39\Lib\random.py first seen with mtime 1620034494.0
DEBUG File C:\Users\shiva\AppData\Local\Programs\Python\Python39\Lib\asyncio\format_helpers.py first seen with mtime 1620034494.0
DEBUG File C:\Users\shiva\environment\assignenv\Lib\site-packages\django\core\files\uploadhandler.py first seen with mtime 1662600673.322681
DEBUG File C:\Users\shiva\environment\assignenv\Lib\site-packages\setuptools\_vendor\importlib_metadata\_functools.py first seen with mtime 1662600438.1782236
DEBUG File C:\Users\shiva\AppData\Local\Programs\Python\Python39\Lib\asyncio\exceptions.py first seen with mtime 1620034494.0
DEBUG File C:\Users\shiva\environment\assignenv\Lib\site-packages\django\core\cache\backends\__init__.py first seen with mtime 1662600673.2392273
DEBUG File C:\Users\shiva\environment\assignenv\Lib\site-packages\setuptools\_vendor\jaraco\functools.py first seen with mtime 1662600438.666262
DEBUG File C:\Users\shiva\AppData\Local\Programs\Python\Python39\Lib\unittest\signals.py first seen with mtime 1620034496.0
DEBUG File C:\Users\shiva\environment\assignenv\Lib\site-packages\django\core\serializers\__init__.py first seen with mtime 1662600673.4646995
DEBUG File C:\Users\shiva\environment\assignenv\Lib\site-packages\django\core\signing.py first seen with mtime 1662600673.2282262
DEBUG File C:\Users\shiva\environment\assignenv\Lib\site-packages\django\apps\config.py first seen with mtime 1662600660.8385224
DEBUG File C:\Users\shiva\environment\assignenv\Lib\site-packages\django\forms\boundfield.py first seen with mtime 1662600673.8447194
DEBUG File C:\Users\shiva\assignment\weather\weatherapp\views.py first seen with mtime 1662642961.8012893
DEBUG File C:\Users\shiva\environment\assignenv\Lib\site-packages\django\utils\regex_helper.py first seen with mtime 1662600674.314743
DEBUG File C:\Users\shiva\AppData\Local\Programs\Python\Python39\Lib\getopt.py first seen with mtime 1620034494.0
DEBUG File C:\Users\shiva\environment\assignenv\Lib\site-packages\pkg_resources\_vendor\packaging\_structures.py first seen with mtime 1662600430.6412141
DEBUG File C:\Users\shiva\environment\assignenv\Lib\site-packages\setuptools\_vendor\importlib_metadata\_collections.py first seen with mtime 1662600438.0445757
DEBUG File C:\Users\shiva\AppData\Local\Programs\Python\Python39\Lib\xml\dom\xmlbuilder.py first seen with mtime 1620034496.0
DEBUG File C:\Users\shiva\environment\assignenv\Lib\site-packages\django\core\files\base.py first seen with mtime 1662600673.2972348
DEBUG File C:\Users\shiva\environment\assignenv\Lib\site-packages\django\db\migrations\operations\utils.py first seen with mtime 1662600673.7187133
DEBUG File C:\Users\shiva\environment\assignenv\Lib\site-packages\setuptools\_itertools.py first seen with mtime 1662600432.9532654
DEBUG File C:\Users\shiva\environment\assignenv\Lib\site-packages\django\contrib\messages\constants.py first seen with mtime 1662600669.122301
DEBUG File C:\Users\shiva\environment\assignenv\Lib\site-packages\setuptools\_vendor\importlib_metadata\_meta.py first seen with mtime 1662600438.299234
DEBUG File C:\Users\shiva\AppData\Local\Programs\Python\Python39\Lib\socket.py first seen with mtime 1620034494.0
DEBUG File C:\Users\shiva\AppData\Local\Programs\Python\Python39\Lib\xml\parsers\expat.py first seen with mtime 1620034496.0
DEBUG File C:\Users\shiva\environment\assignenv\Lib\site-packages\django\contrib\contenttypes\models.py first seen with mtime 1662600666.16716
DEBUG File C:\Users\shiva\AppData\Local\Programs\Python\Python39\Lib\encodings\latin_1.py first seen with mtime 1620034494.0
DEBUG File C:\Users\shiva\environment\assignenv\Lib\site-packages\django\db\backends\sqlite3\creation.py first seen with mtime 1662600673.6317053
DEBUG File C:\Users\shiva\environment\assignenv\Lib\site-packages\setuptools\_vendor\more_itertools\more.py first seen with mtime 1662600438.837276
DEBUG File C:\Users\shiva\environment\assignenv\Lib\site-packages\asgiref\current_thread_executor.py first seen with mtime 1662600657.8833463
DEBUG File C:\Users\shiva\AppData\Local\Programs\Python\Python39\Lib\email\charset.py first seen with mtime 1620034494.0
DEBUG File C:\Users\shiva\environment\assignenv\Lib\site-packages\django\db\models\fields\mixins.py first seen with mtime 1662600673.7687132
DEBUG File C:\Users\shiva\AppData\Local\Programs\Python\Python39\Lib\unittest\mock.py first seen with mtime 1620034496.0
DEBUG File C:\Users\shiva\AppData\Local\Programs\Python\Python39\Lib\base64.py first seen with mtime 1620034494.0
DEBUG File C:\Users\shiva\environment\assignenv\Lib\site-packages\django\contrib\auth\apps.py first seen with mtime 1662600665.2610936
DEBUG File C:\Users\shiva\environment\assignenv\Lib\site-packages\django\contrib\contenttypes\forms.py first seen with mtime 1662600666.165159
DEBUG File C:\Users\shiva\AppData\Local\Programs\Python\Python39\Lib\configparser.py first seen with mtime 1620034494.0
DEBUG File C:\Users\shiva\environment\assignenv\Lib\site-packages\setuptools\_distutils\spawn.py first seen with mtime 1662600436.2433634
DEBUG File C:\Users\shiva\environment\assignenv\Lib\site-packages\django\core\paginator.py first seen with mtime 1662600673.2122247
DEBUG File C:\Users\shiva\environment\assignenv\Lib\site-packages\rest_framework\negotiation.py first seen with mtime 1662600816.061805
DEBUG File C:\Users\shiva\environment\assignenv\Lib\site-packages\django\core\checks\security\base.py first seen with mtime 1662600673.2902322
DEBUG File C:\Users\shiva\environment\assignenv\Lib\site-packages\django\middleware\common.py first seen with mtime 1662600674.0507393
DEBUG File C:\Users\shiva\environment\assignenv\Lib\site-packages\django\db\migrations\state.py first seen with mtime 1662600673.6947107
DEBUG File C:\Users\shiva\AppData\Local\Programs\Python\Python39\Lib\site.py first seen with mtime 1620034494.0
DEBUG File C:\Users\shiva\environment\assignenv\Lib\site-packages\django\core\signals.py first seen with mtime 1662600673.2262263
DEBUG File C:\Users\shiva\environment\assignenv\Lib\site-packages\setuptools\config\expand.py first seen with mtime 1662600434.3573682
DEBUG File C:\Users\shiva\environment\assignenv\Lib\site-packages\django\urls\converters.py first seen with mtime 1662600674.2117343
DEBUG File C:\Users\shiva\environment\assignenv\Lib\site-packages\setuptools\_deprecation_warning.py first seen with mtime 1662600432.8432598
DEBUG File C:\Users\shiva\environment\assignenv\Lib\site-packages\django\utils\decorators.py first seen with mtime 1662600674.2657392
DEBUG File C:\Users\shiva\environment\assignenv\Lib\site-packages\django\utils\translation\reloader.py first seen with mtime 1662600674.3517468
DEBUG File C:\Users\shiva\AppData\Local\Programs\Python\Python39\Lib\logging\__init__.py first seen with mtime 1620034494.0
DEBUG File C:\Users\shiva\environment\assignenv\Lib\site-packages\django\contrib\messages\api.py first seen with mtime 1662600669.1192987
DEBUG File C:\Users\shiva\AppData\Local\Programs\Python\Python39\Lib\stat.py first seen with mtime 1620034494.0
DEBUG File C:\Users\shiva\environment\assignenv\Lib\site-packages\django\db\models\fields\related.py first seen with mtime 1662600673.7737145
DEBUG File C:\Users\shiva\environment\assignenv\Lib\site-packages\django\contrib\auth\admin.py first seen with mtime 1662600665.2580943
DEBUG File C:\Users\shiva\environment\assignenv\Lib\site-packages\django\contrib\staticfiles\finders.py first seen with mtime 1662600673.1582062
DEBUG File C:\Users\shiva\environment\assignenv\Lib\site-packages\sqlparse\__init__.py first seen with mtime 1662600656.9712782
DEBUG File C:\Users\shiva\environment\assignenv\Lib\site-packages\django\core\exceptions.py first seen with mtime 1662600673.2102263
DEBUG File C:\Users\shiva\environment\assignenv\Lib\site-packages\django\views\generic\__init__.py first seen with mtime 1662600674.4087503
DEBUG File C:\Users\shiva\AppData\Local\Programs\Python\Python39\Lib\email\message.py first seen with mtime 1620034494.0
DEBUG File C:\Users\shiva\environment\assignenv\Lib\site-packages\rest_framework\views.py first seen with mtime 1662600816.1378095
DEBUG File C:\Users\shiva\AppData\Local\Programs\Python\Python39\Lib\dis.py first seen with mtime 1620034494.0
DEBUG File C:\Users\shiva\environment\assignenv\Lib\site-packages\pkg_resources\extern\__init__.py first seen with mtime 1662600428.9097674
DEBUG File C:\Users\shiva\AppData\Local\Programs\Python\Python39\Lib\email\iterators.py first seen with mtime 1620034494.0
DEBUG File C:\Users\shiva\environment\assignenv\Lib\site-packages\rest_framework\templatetags\__init__.py first seen with mtime 1662600816.7307713
DEBUG File C:\Users\shiva\environment\assignenv\Lib\site-packages\setuptools\_vendor\zipp.py first seen with mtime 1662600437.9925716
DEBUG File C:\Users\shiva\environment\assignenv\Lib\site-packages\django\db\models\sql\__init__.py first seen with mtime 1662600673.8147185
DEBUG File C:\Users\shiva\environment\assignenv\Lib\site-packages\django\middleware\__init__.py first seen with mtime 1662600674.0437353
DEBUG File C:\Users\shiva\environment\assignenv\Lib\site-packages\django\utils\cache.py first seen with mtime 1662600674.2447395
DEBUG File C:\Users\shiva\environment\assignenv\Lib\site-packages\django\utils\lorem_ipsum.py first seen with mtime 1662600674.3077443
DEBUG File C:\Users\shiva\AppData\Local\Programs\Python\Python39\Lib\contextvars.py first seen with mtime 1620034494.0
DEBUG File C:\Users\shiva\environment\assignenv\Lib\site-packages\rest_framework\generics.py first seen with mtime 1662600816.055806
DEBUG File C:\Users\shiva\environment\assignenv\Lib\site-packages\django\utils\deconstruct.py first seen with mtime 1662600674.2637403
DEBUG File C:\Users\shiva\environment\assignenv\Lib\site-packages\rest_framework\authentication.py first seen with mtime 1662600816.0275974
DEBUG File C:\Users\shiva\environment\assignenv\Lib\site-packages\django\template\loaders\base.py first seen with mtime 1662600674.140731
DEBUG File C:\Users\shiva\environment\assignenv\Lib\site-packages\django\test\testcases.py first seen with mtime 1662600674.200736
DEBUG File C:\Users\shiva\AppData\Local\Programs\Python\Python39\Lib\ctypes\_endian.py first seen with mtime 1620034494.0
DEBUG File C:\Users\shiva\AppData\Local\Programs\Python\Python39\Lib\_sitebuiltins.py first seen with mtime 1620034494.0
DEBUG File C:\Users\shiva\environment\assignenv\Lib\site-packages\django\db\models\query_utils.py first seen with mtime 1662600673.7537124
DEBUG File C:\Users\shiva\environment\assignenv\Lib\site-packages\django\db\backends\sqlite3\__init__.py first seen with mtime 1662600673.6257057
DEBUG File C:\Users\shiva\environment\assignenv\Lib\site-packages\django\db\migrations\operations\models.py first seen with mtime 1662600673.70871
DEBUG File C:\Users\shiva\environment\assignenv\Lib\site-packages\django\core\checks\templates.py first seen with mtime 1662600673.27923
DEBUG File C:\Users\shiva\environment\assignenv\Lib\site-packages\sqlparse\cli.py first seen with mtime 1662600656.9772792
DEBUG File C:\Users\shiva\environment\assignenv\Lib\site-packages\setuptools\_distutils\dir_util.py first seen with mtime 1662600435.671311
DEBUG File C:\Users\shiva\AppData\Local\Programs\Python\Python39\Lib\types.py first seen with mtime 1620034496.0
DEBUG File C:\Users\shiva\environment\assignenv\Lib\site-packages\django\contrib\admindocs\views.py first seen with mtime 1662600663.712734
DEBUG File C:\Users\shiva\AppData\Local\Programs\Python\Python39\Lib\concurrent\futures\_base.py first seen with mtime 1620034494.0
DEBUG File C:\Users\shiva\environment\assignenv\Lib\site-packages\django\template\defaulttags.py first seen with mtime 1662600674.1087282
DEBUG File C:\Users\shiva\AppData\Local\Programs\Python\Python39\Lib\asyncio\futures.py first seen with mtime 1620034494.0
DEBUG File C:\Users\shiva\environment\assignenv\Lib\site-packages\pkg_resources\_vendor\pyparsing\exceptions.py first seen with mtime 1662600430.8982315
DEBUG File C:\Users\shiva\environment\assignenv\Lib\site-packages\django\db\models\constants.py first seen with mtime 1662600673.7277133
DEBUG File C:\Users\shiva\AppData\Local\Programs\Python\Python39\Lib\os.py first seen with mtime 1620034494.0
DEBUG File C:\Users\shiva\AppData\Local\Programs\Python\Python39\Lib\traceback.py first seen with mtime 1620034496.0
DEBUG File C:\Users\shiva\environment\assignenv\Lib\site-packages\django\contrib\admindocs\utils.py first seen with mtime 1662600663.7097328
DEBUG File C:\Users\shiva\environment\assignenv\Lib\site-packages\django\utils\module_loading.py first seen with mtime 1662600674.3097463
DEBUG File C:\Users\shiva\AppData\Local\Programs\Python\Python39\Lib\importlib\resources.py first seen with mtime 1620034494.0
DEBUG File C:\Users\shiva\AppData\Local\Programs\Python\Python39\Lib\email\encoders.py first seen with mtime 1620034494.0
DEBUG File C:\Users\shiva\environment\assignenv\Lib\site-packages\django\contrib\admin\sites.py first seen with mtime 1662600661.861597
DEBUG File C:\Users\shiva\environment\assignenv\Lib\site-packages\setuptools\_distutils\util.py first seen with mtime 1662600436.4872713
DEBUG File C:\Users\shiva\environment\assignenv\Lib\site-packages\django\contrib\admin\options.py first seen with mtime 1662600661.8425958
DEBUG File C:\Users\shiva\environment\assignenv\Lib\site-packages\django\template\base.py first seen with mtime 1662600674.0724847
DEBUG File C:\Users\shiva\environment\assignenv\Lib\site-packages\rest_framework\utils\humanize_datetime.py first seen with mtime 1662600816.761774
DEBUG File C:\Users\shiva\AppData\Local\Programs\Python\Python39\Lib\uuid.py first seen with mtime 1620034496.0
DEBUG File C:\Users\shiva\environment\assignenv\Lib\site-packages\django\contrib\auth\signals.py first seen with mtime 1662600665.3000958
DEBUG File C:\Users\shiva\environment\assignenv\Lib\site-packages\pkg_resources\_vendor\more_itertools\more.py first seen with mtime 1662600429.9760952
DEBUG File C:\Users\shiva\environment\assignenv\Lib\site-packages\django\forms\widgets.py first seen with mtime 1662600673.8697214
DEBUG File C:\Users\shiva\AppData\Local\Programs\Python\Python39\Lib\textwrap.py first seen with mtime 1620034496.0
DEBUG File C:\Users\shiva\environment\assignenv\Lib\site-packages\django\forms\fields.py first seen with mtime 1662600673.8477213
DEBUG File C:\Users\shiva\environment\assignenv\Lib\site-packages\pkg_resources\_vendor\jaraco\functools.py first seen with mtime 1662600429.6882386
DEBUG File C:\Users\shiva\environment\assignenv\Lib\site-packages\django\core\checks\translation.py first seen with mtime 1662600673.28223
DEBUG File C:\Users\shiva\environment\assignenv\Lib\site-packages\django\contrib\admin\utils.py first seen with mtime 1662600661.8675978
DEBUG File C:\Users\shiva\environment\assignenv\Lib\site-packages\setuptools\_vendor\pyparsing\unicode.py first seen with mtime 1662600439.8286033
DEBUG File C:\Users\shiva\environment\assignenv\Lib\site-packages\setuptools\_distutils\errors.py first seen with mtime 1662600435.7603147
DEBUG File C:\Users\shiva\environment\assignenv\Lib\site-packages\setuptools\monkey.py first seen with mtime 1662600432.2388048
DEBUG File C:\Users\shiva\AppData\Local\Programs\Python\Python39\Lib\cgi.py first seen with mtime 1620034494.0
DEBUG File C:\Users\shiva\environment\assignenv\Lib\site-packages\django\views\decorators\debug.py first seen with mtime 1662600674.3997488
DEBUG File C:\Users\shiva\environment\assignenv\Lib\site-packages\pytz\tzinfo.py first seen with mtime 1662600654.2876625
DEBUG File C:\Users\shiva\environment\assignenv\Lib\site-packages\django\db\models\functions\comparison.py first seen with mtime 1662600673.7967176
DEBUG File C:\Users\shiva\environment\assignenv\Lib\site-packages\setuptools\_distutils\dep_util.py first seen with mtime 1662600435.650311
DEBUG File C:\Users\shiva\AppData\Local\Programs\Python\Python39\DLLs\_lzma.pyd first seen with mtime 1620034546.0
DEBUG File C:\Users\shiva\environment\assignenv\Lib\site-packages\setuptools\_vendor\pyparsing\common.py first seen with mtime 1662600439.4283187
DEBUG File C:\Users\shiva\environment\assignenv\Lib\site-packages\setuptools\_vendor\pyparsing\results.py first seen with mtime 1662600439.7134614
DEBUG File C:\Users\shiva\AppData\Local\Programs\Python\Python39\Lib\uu.py first seen with mtime 1620034496.0
DEBUG File C:\Users\shiva\environment\assignenv\Lib\site-packages\setuptools\_distutils\core.py first seen with mtime 1662600435.5703037
DEBUG File C:\Users\shiva\environment\assignenv\Lib\site-packages\django\db\models\options.py first seen with mtime 1662600673.747712
DEBUG File C:\Users\shiva\environment\assignenv\Lib\site-packages\rest_framework\reverse.py first seen with mtime 1662600816.0798085
DEBUG File C:\Users\shiva\environment\assignenv\Lib\site-packages\django\db\models\query.py first seen with mtime 1662600673.7507124
DEBUG File C:\Users\shiva\AppData\Local\Programs\Python\Python39\Lib\decimal.py first seen with mtime 1620034494.0
DEBUG File C:\Users\shiva\environment\assignenv\Lib\site-packages\django\db\__init__.py first seen with mtime 1662600673.484694
DEBUG File C:\Users\shiva\environment\assignenv\Lib\site-packages\django\db\models\sql\constants.py first seen with mtime 1662600673.820718
DEBUG File C:\Users\shiva\environment\assignenv\Lib\site-packages\django\contrib\auth\management\__init__.py first seen with mtime 1662600666.0971546
DEBUG File C:\Users\shiva\environment\assignenv\Lib\site-packages\django\contrib\auth\middleware.py first seen with mtime 1662600665.2900958
DEBUG File C:\Users\shiva\environment\assignenv\Lib\site-packages\django\core\serializers\json.py first seen with mtime 1662600673.4686928
DEBUG File C:\Users\shiva\environment\assignenv\Lib\site-packages\django\templatetags\__init__.py first seen with mtime 1662600674.1597326
DEBUG File C:\Users\shiva\AppData\Local\Programs\Python\Python39\Lib\json\encoder.py first seen with mtime 1620034494.0
DEBUG File C:\Users\shiva\AppData\Local\Programs\Python\Python39\Lib\http\server.py first seen with mtime 1620034494.0
DEBUG File C:\Users\shiva\environment\assignenv\Lib\site-packages\rest_framework\relations.py first seen with mtime 1662600816.0708044
DEBUG File C:\Users\shiva\environment\assignenv\Lib\site-packages\django\utils\itercompat.py first seen with mtime 1662600674.3007424
DEBUG File C:\Users\shiva\environment\assignenv\Lib\site-packages\django\utils\safestring.py first seen with mtime 1662600674.3167434
DEBUG File C:\Users\shiva\AppData\Local\Programs\Python\Python39\Lib\xml\dom\minidom.py first seen with mtime 1620034496.0
DEBUG File C:\Users\shiva\AppData\Local\Programs\Python\Python39\Lib\hashlib.py first seen with mtime 1620034494.0
DEBUG File C:\Users\shiva\environment\assignenv\Lib\site-packages\django\utils\functional.py first seen with mtime 1662600674.2797408
DEBUG File C:\Users\shiva\AppData\Local\Programs\Python\Python39\Lib\zipfile.py first seen with mtime 1620034496.0
DEBUG File C:\Users\shiva\AppData\Local\Programs\Python\Python39\Lib\tokenize.py first seen with mtime 1620034496.0
DEBUG File C:\Users\shiva\environment\assignenv\Lib\site-packages\django\db\backends\sqlite3\features.py first seen with mtime 1662600673.633708
DEBUG File C:\Users\shiva\environment\assignenv\Lib\site-packages\django\db\backends\__init__.py first seen with mtime 1662600673.4906955
DEBUG File C:\Users\shiva\environment\assignenv\Lib\site-packages\django\core\handlers\wsgi.py first seen with mtime 1662600673.335683
DEBUG File C:\Users\shiva\AppData\Local\Programs\Python\Python39\Lib\plistlib.py first seen with mtime 1620034494.0
DEBUG File C:\Users\shiva\environment\assignenv\Lib\site-packages\django\contrib\sessions\apps.py first seen with mtime 1662600671.9218667
DEBUG File C:\Users\shiva\environment\assignenv\Lib\site-packages\django\core\files\temp.py first seen with mtime 1662600673.3176794
DEBUG File C:\Users\shiva\AppData\Local\Programs\Python\Python39\Lib\email\quoprimime.py first seen with mtime 1620034494.0
DEBUG File C:\Users\shiva\environment\assignenv\Lib\site-packages\django\db\backends\base\validation.py first seen with mtime 1662600673.5296967
DEBUG File C:\Users\shiva\AppData\Local\Programs\Python\Python39\DLLs\_sqlite3.pyd first seen with mtime 1620034544.0
DEBUG File C:\Users\shiva\environment\assignenv\Lib\site-packages\django\template\loader.py first seen with mtime 1662600674.1167333
DEBUG File C:\Users\shiva\AppData\Local\Programs\Python\Python39\DLLs\select.pyd first seen with mtime 1620034546.0
DEBUG File C:\Users\shiva\environment\assignenv\Lib\site-packages\django\views\__init__.py first seen with mtime 1662600674.3707473
DEBUG File C:\Users\shiva\environment\assignenv\Lib\site-packages\setuptools\_vendor\jaraco\text\__init__.py first seen with mtime 1662600438.7272668
DEBUG File C:\Users\shiva\environment\assignenv\Lib\site-packages\setuptools\version.py first seen with mtime 1662600432.7102504
DEBUG File C:\Users\shiva\assignment\weather\weatherapp\admin.py first seen with mtime 1662612788.474428
DEBUG File C:\Users\shiva\AppData\Local\Programs\Python\Python39\Lib\asyncio\windows_utils.py first seen with mtime 1620034494.0
DEBUG File C:\Users\shiva\AppData\Local\Programs\Python\Python39\Lib\unittest\util.py first seen with mtime 1620034496.0
DEBUG File C:\Users\shiva\environment\assignenv\Lib\site-packages\django\contrib\staticfiles\apps.py first seen with mtime 1662600673.1542077
DEBUG File C:\Users\shiva\environment\assignenv\Lib\site-packages\django\contrib\admin\models.py first seen with mtime 1662600661.8395975
DEBUG File C:\Users\shiva\AppData\Local\Programs\Python\Python39\DLLs\_asyncio.pyd first seen with mtime 1620034544.0
DEBUG File C:\Users\shiva\AppData\Local\Programs\Python\Python39\Lib\tkinter\simpledialog.py first seen with mtime 1620034496.0
DEBUG File C:\Users\shiva\environment\assignenv\Lib\site-packages\django\views\generic\detail.py first seen with mtime 1662600674.4157522
DEBUG File C:\Users\shiva\environment\assignenv\Lib\site-packages\django\test\client.py first seen with mtime 1662600674.1807342
DEBUG File C:\Users\shiva\environment\assignenv\Lib\site-packages\django\core\checks\async_checks.py first seen with mtime 1662600673.2632315
DEBUG File C:\Users\shiva\environment\assignenv\Lib\site-packages\pkg_resources\__init__.py first seen with mtime 1662600428.8177638
DEBUG File C:\Users\shiva\environment\assignenv\Lib\site-packages\django\db\models\fields\related_lookups.py first seen with mtime 1662600673.7877164
DEBUG File C:\Users\shiva\environment\assignenv\Lib\site-packages\django\core\checks\model_checks.py first seen with mtime 1662600673.2752316
DEBUG File C:\Users\shiva\environment\assignenv\Lib\site-packages\django\core\cache\__init__.py first seen with mtime 1662600673.2352295
DEBUG File C:\Users\shiva\AppData\Local\Programs\Python\Python39\Lib\pkgutil.py first seen with mtime 1620034494.0
DEBUG File C:\Users\shiva\environment\assignenv\Lib\site-packages\django\contrib\admin\views\decorators.py first seen with mtime 1662600663.6977324
DEBUG File C:\Users\shiva\environment\assignenv\Lib\site-packages\django\contrib\admin\templatetags\admin_modify.py first seen with mtime 1662600663.6837342
DEBUG File C:\Users\shiva\environment\assignenv\Lib\site-packages\django\forms\renderers.py first seen with mtime 1662600673.8647215
DEBUG File C:\Users\shiva\environment\assignenv\Lib\site-packages\django\http\response.py first seen with mtime 1662600674.041735
DEBUG File C:\Users\shiva\environment\assignenv\Lib\site-packages\setuptools\config\__init__.py first seen with mtime 1662600434.581385
DEBUG File C:\Users\shiva\environment\assignenv\Lib\site-packages\sqlparse\lexer.py first seen with mtime 1662600657.0022805
DEBUG File C:\Users\shiva\environment\assignenv\Lib\site-packages\asgiref\sync.py first seen with mtime 1662600657.8933518
DEBUG File C:\Users\shiva\environment\assignenv\Lib\site-packages\django\db\models\functions\__init__.py first seen with mtime 1662600673.7937174
DEBUG File C:\Users\shiva\environment\assignenv\Lib\site-packages\django\contrib\admin\helpers.py first seen with mtime 1662600661.8365977
DEBUG File C:\Users\shiva\environment\assignenv\Lib\site-packages\django\db\models\sql\query.py first seen with mtime 1662600673.828717
DEBUG File C:\Users\shiva\environment\assignenv\Lib\site-packages\django\contrib\staticfiles\__init__.py first seen with mtime 1662600673.152209
DEBUG File C:\Users\shiva\environment\assignenv\Lib\site-packages\django\utils\_os.py first seen with mtime 1662600674.222735
DEBUG File C:\Users\shiva\environment\assignenv\Lib\site-packages\rest_framework\permissions.py first seen with mtime 1662600816.0688043
DEBUG File C:\Users\shiva\environment\assignenv\Lib\site-packages\setuptools\_distutils\_msvccompiler.py first seen with mtime 1662600436.693346
DEBUG File C:\Users\shiva\environment\assignenv\Lib\site-packages\setuptools\_vendor\packaging\requirements.py first seen with mtime 1662600439.021289
DEBUG File C:\Users\shiva\AppData\Local\Programs\Python\Python39\Lib\tkinter\constants.py first seen with mtime 1620034496.0
DEBUG File C:\Users\shiva\environment\assignenv\Lib\site-packages\pkg_resources\_vendor\pyparsing\testing.py first seen with mtime 1662600431.092668
DEBUG File C:\Users\shiva\environment\assignenv\Lib\site-packages\django\contrib\admin\decorators.py first seen with mtime 1662600661.7995946
DEBUG File C:\Users\shiva\environment\assignenv\Lib\site-packages\django\contrib\admin\actions.py first seen with mtime 1662600661.792592
DEBUG File C:\Users\shiva\environment\assignenv\Lib\site-packages\rest_framework\checks.py first seen with mtime 1662600816.0295968
DEBUG File C:\Users\shiva\environment\assignenv\Lib\site-packages\_distutils_hack\override.py first seen with mtime 1662600440.4065564
DEBUG File C:\Users\shiva\environment\assignenv\Lib\site-packages\django\db\backends\base\creation.py first seen with mtime 1662600673.5056946
DEBUG File C:\Users\shiva\environment\assignenv\Lib\site-packages\setuptools\_vendor\packaging\utils.py first seen with mtime 1662600439.161301
DEBUG File C:\Users\shiva\environment\assignenv\Lib\site-packages\django\core\cache\backends\locmem.py first seen with mtime 1662600673.256227
DEBUG File C:\Users\shiva\AppData\Local\Programs\Python\Python39\Lib\unittest\__init__.py first seen with mtime 1620034496.0
DEBUG File C:\Users\shiva\AppData\Local\Programs\Python\Python39\Lib\xml\__init__.py first seen with mtime 1620034496.0
DEBUG File C:\Users\shiva\AppData\Local\Programs\Python\Python39\Lib\_collections_abc.py first seen with mtime 1620034494.0
DEBUG File C:\Users\shiva\environment\assignenv\Lib\site-packages\django\template\loaders\app_directories.py first seen with mtime 1662600674.138731
DEBUG File C:\Users\shiva\AppData\Local\Programs\Python\Python39\Lib\glob.py first seen with mtime 1620034494.0
DEBUG File C:\Users\shiva\environment\assignenv\Lib\site-packages\setuptools\_vendor\__init__.py first seen with mtime 1662600437.9945724
DEBUG File C:\Users\shiva\AppData\Local\Programs\Python\Python39\Lib\weakref.py first seen with mtime 1620034496.0
DEBUG File C:\Users\shiva\AppData\Local\Programs\Python\Python39\Lib\functools.py first seen with mtime 1620034494.0
DEBUG File C:\Users\shiva\environment\assignenv\Lib\site-packages\setuptools\config\_apply_pyprojecttoml.py first seen with mtime 1662600434.536383
DEBUG File C:\Users\shiva\AppData\Local\Programs\Python\Python39\Lib\urllib\response.py first seen with mtime 1620034496.0
DEBUG File C:\Users\shiva\environment\assignenv\Lib\site-packages\django\utils\dateformat.py first seen with mtime 1662600674.2537408
DEBUG File C:\Users\shiva\environment\assignenv\Lib\site-packages\rest_framework\metadata.py first seen with mtime 1662600816.0578086
DEBUG File C:\Users\shiva\environment\assignenv\Lib\site-packages\sqlparse\formatter.py first seen with mtime 1662600656.9972782
DEBUG File C:\Users\shiva\environment\assignenv\Lib\site-packages\sqlparse\keywords.py first seen with mtime 1662600657.000282
DEBUG File C:\Users\shiva\environment\assignenv\Lib\site-packages\django\middleware\csrf.py first seen with mtime 1662600674.057482
DEBUG File C:\Users\shiva\environment\assignenv\Lib\site-packages\django\contrib\contenttypes\views.py first seen with mtime 1662600666.17016
DEBUG File C:\Users\shiva\AppData\Local\Programs\Python\Python39\Lib\selectors.py first seen with mtime 1620034494.0
DEBUG File C:\Users\shiva\environment\assignenv\Lib\site-packages\django\contrib\postgres\__init__.py first seen with mtime 1662600669.1493013
DEBUG File C:\Users\shiva\environment\assignenv\Lib\site-packages\django\core\servers\basehttp.py first seen with mtime 1662600673.4826968
DEBUG File C:\Users\shiva\environment\assignenv\Lib\site-packages\django\utils\inspect.py first seen with mtime 1662600674.2897408
DEBUG File C:\Users\shiva\environment\assignenv\Lib\site-packages\django\db\models\functions\datetime.py first seen with mtime 1662600673.7987173
DEBUG File C:\Users\shiva\environment\assignenv\Lib\site-packages\django\core\checks\urls.py first seen with mtime 1662600673.2842305
DEBUG File C:\Users\shiva\AppData\Local\Programs\Python\Python39\Lib\numbers.py first seen with mtime 1620034494.0
DEBUG File C:\Users\shiva\environment\assignenv\Lib\site-packages\django\forms\__init__.py first seen with mtime 1662600673.8427193
DEBUG File C:\Users\shiva\environment\assignenv\Lib\site-packages\django\core\checks\__init__.py first seen with mtime 1662600673.26123
DEBUG File C:\Users\shiva\AppData\Local\Programs\Python\Python39\Lib\asyncio\events.py first seen with mtime 1620034494.0
DEBUG File C:\Users\shiva\AppData\Local\Programs\Python\Python39\Lib\socketserver.py first seen with mtime 1620034494.0
DEBUG File C:\Users\shiva\AppData\Local\Programs\Python\Python39\Lib\datetime.py first seen with mtime 1620034494.0
DEBUG File C:\Users\shiva\environment\assignenv\Lib\site-packages\django\template\response.py first seen with mtime 1662600674.119731
DEBUG File C:\Users\shiva\AppData\Local\Programs\Python\Python39\Lib\asyncio\streams.py first seen with mtime 1620034494.0
DEBUG File C:\Users\shiva\environment\assignenv\Lib\site-packages\django\core\handlers\asgi.py first seen with mtime 1662600673.329682
DEBUG File C:\Users\shiva\AppData\Local\Programs\Python\Python39\Lib\asyncio\staggered.py first seen with mtime 1620034494.0
DEBUG File C:\Users\shiva\AppData\Local\Programs\Python\Python39\Lib\secrets.py first seen with mtime 1620034494.0
DEBUG File C:\Users\shiva\environment\assignenv\Lib\site-packages\django\contrib\staticfiles\management\commands\__init__.py first seen with mtime 1662600673.182225
DEBUG File C:\Users\shiva\environment\assignenv\Lib\site-packages\django\templatetags\tz.py first seen with mtime 1662600674.1757338
DEBUG File C:\Users\shiva\environment\assignenv\Lib\site-packages\django\utils\dates.py first seen with mtime 1662600674.2587385
DEBUG File C:\Users\shiva\environment\assignenv\Lib\site-packages\django\db\migrations\graph.py first seen with mtime 1662600673.6787083
DEBUG File C:\Users\shiva\environment\assignenv\Lib\site-packages\pkg_resources\_vendor\jaraco\text\__init__.py first seen with mtime 1662600429.7848363
DEBUG File C:\Users\shiva\AppData\Local\Programs\Python\Python39\Lib\struct.py first seen with mtime 1620034494.0
DEBUG File C:\Users\shiva\environment\assignenv\Lib\site-packages\setuptools\_entry_points.py first seen with mtime 1662600432.8942592
DEBUG File C:\Users\shiva\environment\assignenv\Lib\site-packages\rest_framework\schemas\openapi.py first seen with mtime 1662600816.4197443
DEBUG File C:\Users\shiva\environment\assignenv\Lib\site-packages\django\db\models\base.py first seen with mtime 1662600673.7257123
DEBUG File C:\Users\shiva\environment\assignenv\Lib\site-packages\django\contrib\admin\checks.py first seen with mtime 1662600661.7975926
DEBUG File C:\Users\shiva\environment\assignenv\Lib\site-packages\rest_framework\mixins.py first seen with mtime 1662600816.0598054
DEBUG File C:\Users\shiva\environment\assignenv\Lib\site-packages\setuptools\_vendor\jaraco\context.py first seen with mtime 1662600438.6222587
DEBUG File C:\Users\shiva\environment\assignenv\Lib\site-packages\django\http\cookie.py first seen with mtime 1662600674.034735
DEBUG File C:\Users\shiva\environment\assignenv\Lib\site-packages\pytz\exceptions.py first seen with mtime 1662600654.2229607
DEBUG File C:\Users\shiva\environment\assignenv\Lib\site-packages\django\views\decorators\common.py first seen with mtime 1662600674.391747
DEBUG File C:\Users\shiva\AppData\Local\Programs\Python\Python39\Lib\encodings\utf_8.py first seen with mtime 1620034494.0
DEBUG File C:\Users\shiva\environment\assignenv\Lib\site-packages\setuptools\py34compat.py first seen with mtime 1662600432.5262334
DEBUG File C:\Users\shiva\AppData\Local\Programs\Python\Python39\Lib\email\mime\base.py first seen with mtime 1620034494.0
DEBUG File C:\Users\shiva\environment\assignenv\Lib\site-packages\django\contrib\sessions\middleware.py first seen with mtime 1662600671.9338698
DEBUG File C:\Users\shiva\environment\assignenv\Lib\site-packages\django\urls\resolvers.py first seen with mtime 1662600674.2167354
DEBUG File C:\Users\shiva\environment\assignenv\Lib\site-packages\pkg_resources\_vendor\pyparsing\results.py first seen with mtime 1662600431.0516543
DEBUG File C:\Users\shiva\environment\assignenv\Lib\site-packages\django\template\library.py first seen with mtime 1662600674.1147316
DEBUG File C:\Users\shiva\AppData\Local\Programs\Python\Python39\Lib\email\generator.py first seen with mtime 1620034494.0
DEBUG File C:\Users\shiva\environment\assignenv\Lib\site-packages\django\utils\timezone.py first seen with mtime 1662600674.3367438
DEBUG File C:\Users\shiva\environment\assignenv\Lib\site-packages\rest_framework\parsers.py first seen with mtime 1662600816.0658045
DEBUG File C:\Users\shiva\AppData\Local\Programs\Python\Python39\Lib\email\_policybase.py first seen with mtime 1620034494.0
DEBUG File C:\Users\shiva\AppData\Local\Programs\Python\Python39\Lib\locale.py first seen with mtime 1620034494.0
DEBUG File C:\Users\shiva\environment\assignenv\Lib\site-packages\django\contrib\staticfiles\management\commands\runserver.py first seen with mtime 1662600673.1982243
DEBUG File C:\Users\shiva\environment\assignenv\Lib\site-packages\pkg_resources\_vendor\packaging\requirements.py first seen with mtime 1662600430.2017539
DEBUG File C:\Users\shiva\AppData\Local\Programs\Python\Python39\DLLs\_uuid.pyd first seen with mtime 1620034544.0
DEBUG File C:\Users\shiva\environment\assignenv\Lib\site-packages\django\contrib\admin\templatetags\admin_list.py first seen with mtime 1662600663.681734
DEBUG File C:\Users\shiva\environment\assignenv\Lib\site-packages\setuptools\_distutils\filelist.py first seen with mtime 1662600435.9213293
DEBUG File C:\Users\shiva\environment\assignenv\Lib\site-packages\django\db\migrations\migration.py first seen with mtime 1662600673.6837072
DEBUG File C:\Users\shiva\environment\assignenv\Lib\site-packages\django\template\smartif.py first seen with mtime 1662600674.1217313
DEBUG File C:\Users\shiva\AppData\Local\Programs\Python\Python39\Lib\email\errors.py first seen with mtime 1620034494.0
DEBUG File C:\Users\shiva\environment\assignenv\Lib\site-packages\pkg_resources\_vendor\packaging\utils.py first seen with mtime 1662600430.4204195
DEBUG File C:\Users\shiva\environment\assignenv\Lib\site-packages\django\core\management\__init__.py first seen with mtime 1662600673.3776867
DEBUG File C:\Users\shiva\environment\assignenv\Lib\site-packages\django\views\decorators\__init__.py first seen with mtime 1662600674.385748
DEBUG File C:\Users\shiva\AppData\Local\Programs\Python\Python39\Lib\asyncio\base_futures.py first seen with mtime 1620034494.0
DEBUG File C:\Users\shiva\environment\assignenv\Lib\site-packages\django\core\handlers\__init__.py first seen with mtime 1662600673.3276813
DEBUG File C:\Users\shiva\environment\assignenv\Lib\site-packages\rest_framework\exceptions.py first seen with mtime 1662600816.048802
DEBUG File C:\Users\shiva\environment\assignenv\Lib\site-packages\sqlparse\filters\aligned_indent.py first seen with mtime 1662600657.0222816
DEBUG File C:\Users\shiva\AppData\Local\Programs\Python\Python39\Lib\asyncio\tasks.py first seen with mtime 1620034494.0
DEBUG File C:\Users\shiva\AppData\Local\Programs\Python\Python39\Lib\email\__init__.py first seen with mtime 1620034494.0
DEBUG File C:\Users\shiva\environment\assignenv\Lib\site-packages\setuptools\_vendor\packaging\markers.py first seen with mtime 1662600438.992287
DEBUG File C:\Users\shiva\environment\assignenv\Lib\site-packages\django\forms\formsets.py first seen with mtime 1662600673.8527212
DEBUG File C:\Users\shiva\environment\assignenv\Lib\site-packages\django\utils\translation\trans_real.py first seen with mtime 1662600674.367747
DEBUG File C:\Users\shiva\AppData\Local\Programs\Python\Python39\Lib\asyncio\sslproto.py first seen with mtime 1620034494.0
DEBUG File C:\Users\shiva\environment\assignenv\Lib\site-packages\django\utils\duration.py first seen with mtime 1662600674.2707422
DEBUG File C:\Users\shiva\AppData\Local\Programs\Python\Python39\DLLs\_ctypes.pyd first seen with mtime 1620034544.0
DEBUG File C:\Users\shiva\environment\assignenv\Lib\site-packages\django\db\backends\utils.py first seen with mtime 1662600673.4976935
DEBUG File C:\Users\shiva\environment\assignenv\Lib\site-packages\django\http\request.py first seen with mtime 1662600674.039737
DEBUG File C:\Users\shiva\environment\assignenv\Lib\site-packages\django\contrib\sessions\backends\base.py first seen with mtime 1662600671.941867
DEBUG File C:\Users\shiva\environment\assignenv\Lib\site-packages\sqlparse\engine\grouping.py first seen with mtime 1662600657.0152836
DEBUG File C:\Users\shiva\environment\assignenv\Lib\site-packages\django\core\files\locks.py first seen with mtime 1662600673.3116803
DEBUG File C:\Users\shiva\AppData\Local\Programs\Python\Python39\Lib\http\cookies.py first seen with mtime 1620034494.0
DEBUG File C:\Users\shiva\environment\assignenv\Lib\site-packages\rest_framework\response.py first seen with mtime 1662600816.0788057
DEBUG File C:\Users\shiva\environment\assignenv\Lib\site-packages\setuptools\_distutils\dist.py first seen with mtime 1662600435.7433167
DEBUG File C:\Users\shiva\environment\assignenv\Lib\site-packages\django\views\i18n.py first seen with mtime 1662600674.379749
DEBUG File C:\Users\shiva\environment\assignenv\Lib\site-packages\django\middleware\cache.py first seen with mtime 1662600674.0457363
DEBUG File C:\Users\shiva\environment\assignenv\Lib\site-packages\django\db\backends\sqlite3\introspection.py first seen with mtime 1662600673.6427057
DEBUG File C:\Users\shiva\environment\assignenv\Lib\site-packages\django\utils\encoding.py first seen with mtime 1662600674.2727418
DEBUG File C:\Users\shiva\AppData\Local\Programs\Python\Python39\Lib\urllib\parse.py first seen with mtime 1620034496.0
DEBUG File C:\Users\shiva\environment\assignenv\Lib\site-packages\django\core\checks\caches.py first seen with mtime 1662600673.2652314
DEBUG File C:\Users\shiva\environment\assignenv\Lib\site-packages\rest_framework\schemas\generators.py first seen with mtime 1662600816.4027276
DEBUG File C:\Users\shiva\AppData\Local\Programs\Python\Python39\Lib\unittest\case.py first seen with mtime 1620034496.0
DEBUG File C:\Users\shiva\environment\assignenv\Lib\site-packages\django\views\csrf.py first seen with mtime 1662600674.372749
DEBUG File C:\Users\shiva\AppData\Local\Programs\Python\Python39\Lib\collections\abc.py first seen with mtime 1620034494.0
DEBUG File C:\Users\shiva\AppData\Local\Programs\Python\Python39\Lib\quopri.py first seen with mtime 1620034494.0
DEBUG File C:\Users\shiva\environment\assignenv\Lib\site-packages\django\contrib\auth\__init__.py first seen with mtime 1662600665.2550907
DEBUG File C:\Users\shiva\AppData\Local\Programs\Python\Python39\Lib\wsgiref\__init__.py first seen with mtime 1620034496.0
DEBUG File C:\Users\shiva\AppData\Local\Programs\Python\Python39\Lib\lzma.py first seen with mtime 1620034494.0
DEBUG File C:\Users\shiva\environment\assignenv\Lib\site-packages\sqlparse\filters\tokens.py first seen with mtime 1662600657.050285
DEBUG File C:\Users\shiva\AppData\Local\Programs\Python\Python39\Lib\reprlib.py first seen with mtime 1620034494.0
DEBUG File C:\Users\shiva\AppData\Local\Programs\Python\Python39\Lib\asyncio\coroutines.py first seen with mtime 1620034494.0
DEBUG File C:\Users\shiva\environment\assignenv\Lib\site-packages\django\db\backends\base\client.py first seen with mtime 1662600673.5036938
DEBUG File C:\Users\shiva\AppData\Local\Programs\Python\Python39\Lib\token.py first seen with mtime 1620034496.0
DEBUG File C:\Users\shiva\AppData\Local\Programs\Python\Python39\Lib\email\policy.py first seen with mtime 1620034494.0
DEBUG File C:\Users\shiva\environment\assignenv\Lib\site-packages\django\db\backends\base\features.py first seen with mtime 1662600673.5086966
DEBUG File C:\Users\shiva\AppData\Local\Programs\Python\Python39\Lib\urllib\request.py first seen with mtime 1620034496.0
DEBUG File C:\Users\shiva\environment\assignenv\Lib\site-packages\django\template\loader_tags.py first seen with mtime 1662600674.1177309
DEBUG File C:\Users\shiva\environment\assignenv\Lib\site-packages\django\contrib\contenttypes\management\__init__.py first seen with mtime 1662600666.86921
DEBUG File C:\Users\shiva\environment\assignenv\Lib\site-packages\django\contrib\admin\views\main.py first seen with mtime 1662600663.6997356
DEBUG File C:\Users\shiva\environment\assignenv\Lib\site-packages\django\db\migrations\utils.py first seen with mtime 1662600673.6957104
DEBUG File C:\Users\shiva\environment\assignenv\Lib\site-packages\django\template\loaders\filesystem.py first seen with mtime 1662600674.155731
DEBUG File C:\Users\shiva\AppData\Local\Programs\Python\Python39\Lib\asyncio\log.py first seen with mtime 1620034494.0
DEBUG File C:\Users\shiva\environment\assignenv\Lib\site-packages\django\core\files\__init__.py first seen with mtime 1662600673.2952318
DEBUG File C:\Users\shiva\AppData\Local\Programs\Python\Python39\Lib\sre_compile.py first seen with mtime 1620034494.0
DEBUG File C:\Users\shiva\AppData\Local\Programs\Python\Python39\Lib\email\_encoded_words.py first seen with mtime 1620034494.0
DEBUG File C:\Users\shiva\AppData\Local\Programs\Python\Python39\Lib\encodings\cp1252.py first seen with mtime 1620034494.0
DEBUG File C:\Users\shiva\environment\assignenv\Lib\site-packages\django\core\files\storage.py first seen with mtime 1662600673.31568
DEBUG File C:\Users\shiva\environment\assignenv\Lib\site-packages\django\utils\tree.py first seen with mtime 1662600674.3407447
DEBUG File C:\Users\shiva\environment\assignenv\Lib\site-packages\django\contrib\admin\exceptions.py first seen with mtime 1662600661.8185923
DEBUG File C:\Users\shiva\AppData\Local\Programs\Python\Python39\Lib\typing.py first seen with mtime 1620034496.0
DEBUG File C:\Users\shiva\environment\assignenv\Lib\site-packages\setuptools\_vendor\packaging\tags.py first seen with mtime 1662600439.1362998
DEBUG File C:\Users\shiva\environment\assignenv\Lib\site-packages\django\core\cache\backends\filebased.py first seen with mtime 1662600673.2482283
DEBUG File C:\Users\shiva\AppData\Local\Programs\Python\Python39\Lib\opcode.py first seen with mtime 1620034494.0
DEBUG File C:\Users\shiva\environment\assignenv\Lib\site-packages\django\core\checks\security\sessions.py first seen with mtime 1662600673.2932317
DEBUG File C:\Users\shiva\AppData\Local\Programs\Python\Python39\Lib\importlib\__init__.py first seen with mtime 1620034494.0
DEBUG File C:\Users\shiva\environment\assignenv\Lib\site-packages\django\dispatch\__init__.py first seen with mtime 1662600673.8357196
DEBUG File C:\Users\shiva\environment\assignenv\Lib\site-packages\sqlparse\engine\filter_stack.py first seen with mtime 1662600657.0132828
DEBUG File C:\Users\shiva\AppData\Local\Programs\Python\Python39\Lib\email\mime\message.py first seen with mtime 1620034494.0
DEBUG File C:\Users\shiva\AppData\Local\Programs\Python\Python39\Lib\concurrent\__init__.py first seen with mtime 1620034494.0
DEBUG File C:\Users\shiva\environment\assignenv\Lib\site-packages\django\template\backends\base.py first seen with mtime 1662600674.1277287
DEBUG File C:\Users\shiva\environment\assignenv\Lib\site-packages\django\db\migrations\executor.py first seen with mtime 1662600673.67671
DEBUG File C:\Users\shiva\environment\assignenv\Lib\site-packages\django\contrib\messages\storage\__init__.py first seen with mtime 1662600669.1393034
DEBUG File C:\Users\shiva\AppData\Local\Programs\Python\Python39\Lib\codecs.py first seen with mtime 1620034494.0
DEBUG File C:\Users\shiva\assignment\weather\weather\settings.py first seen with mtime 1662646345.3152006
DEBUG File C:\Users\shiva\environment\assignenv\Lib\site-packages\django\urls\utils.py first seen with mtime 1662600674.2187345
DEBUG File C:\Users\shiva\environment\assignenv\Lib\site-packages\django\db\models\signals.py first seen with mtime 1662600673.755714
DEBUG File C:\Users\shiva\environment\assignenv\Lib\site-packages\setuptools\errors.py first seen with mtime 1662600431.8352714
DEBUG File C:\Users\shiva\environment\assignenv\Lib\site-packages\django\core\checks\security\__init__.py first seen with mtime 1662600673.2872324
DEBUG File C:\Users\shiva\environment\assignenv\Lib\site-packages\django\contrib\auth\base_user.py first seen with mtime 1662600665.2650921
DEBUG File C:\Users\shiva\environment\assignenv\Lib\site-packages\django\contrib\contenttypes\checks.py first seen with mtime 1662600666.1591575
DEBUG File C:\Users\shiva\environment\assignenv\Lib\site-packages\django\contrib\auth\validators.py first seen with mtime 1662600665.3080952
DEBUG File C:\Users\shiva\environment\assignenv\Lib\site-packages\django\http\__init__.py first seen with mtime 1662600674.0327346
DEBUG File C:\Users\shiva\environment\assignenv\Lib\site-packages\sqlparse\filters\right_margin.py first seen with mtime 1662600657.0472817
DEBUG File C:\Users\shiva\environment\assignenv\Lib\site-packages\setuptools\_distutils\extension.py first seen with mtime 1662600435.7993207
DEBUG File C:\Users\shiva\environment\assignenv\Lib\site-packages\django\forms\utils.py first seen with mtime 1662600673.8667212
DEBUG File C:\Users\shiva\environment\assignenv\Lib\site-packages\django\shortcuts.py first seen with mtime 1662600660.8325207
DEBUG File C:\Users\shiva\environment\assignenv\Lib\site-packages\pkg_resources\_vendor\jaraco\context.py first seen with mtime 1662600429.588777
DEBUG File C:\Users\shiva\AppData\Local\Programs\Python\Python39\Lib\email\_header_value_parser.py first seen with mtime 1620034494.0
DEBUG File C:\Users\shiva\environment\assignenv\Lib\site-packages\rest_framework\utils\encoders.py first seen with mtime 1662600816.7407727
DEBUG File C:\Users\shiva\environment\assignenv\Lib\site-packages\setuptools\__init__.py first seen with mtime 1662600433.0442743
DEBUG File C:\Users\shiva\AppData\Local\Programs\Python\Python39\Lib\ctypes\__init__.py first seen with mtime 1620034494.0
DEBUG File C:\Users\shiva\environment\assignenv\Lib\site-packages\django\utils\timesince.py first seen with mtime 1662600674.324744
DEBUG File C:\Users\shiva\environment\assignenv\Lib\site-packages\django\db\migrations\operations\base.py first seen with mtime 1662600673.7037096
DEBUG File C:\Users\shiva\environment\assignenv\Lib\site-packages\setuptools\_distutils\command\bdist.py first seen with mtime 1662600436.7844205
DEBUG File C:\Users\shiva\AppData\Local\Programs\Python\Python39\Lib\asyncio\trsock.py first seen with mtime 1620034494.0
DEBUG File C:\Users\shiva\AppData\Local\Programs\Python\Python39\Lib\unittest\runner.py first seen with mtime 1620034496.0
DEBUG File C:\Users\shiva\environment\assignenv\Lib\site-packages\setuptools\_vendor\pyparsing\util.py first seen with mtime 1662600439.8639781
DEBUG File C:\Users\shiva\AppData\Local\Programs\Python\Python39\Lib\tkinter\messagebox.py first seen with mtime 1620034496.0
DEBUG File C:\Users\shiva\environment\assignenv\Lib\site-packages\django\templatetags\cache.py first seen with mtime 1662600674.1627328
DEBUG File C:\Users\shiva\AppData\Local\Programs\Python\Python39\Lib\asyncio\protocols.py first seen with mtime 1620034494.0
DEBUG File C:\Users\shiva\AppData\Local\Programs\Python\Python39\Lib\copy.py first seen with mtime 1620034494.0
DEBUG File C:\Users\shiva\AppData\Local\Programs\Python\Python39\Lib\asyncio\selector_events.py first seen with mtime 1620034494.0
DEBUG File C:\Users\shiva\AppData\Local\Programs\Python\Python39\Lib\unittest\suite.py first seen with mtime 1620034496.0
DEBUG File C:\Users\shiva\AppData\Local\Programs\Python\Python39\Lib\_bootlocale.py first seen with mtime 1620034494.0
DEBUG File C:\Users\shiva\environment\assignenv\Lib\site-packages\django\core\wsgi.py first seen with mtime 1662600673.2332284
DEBUG File C:\Users\shiva\environment\assignenv\Lib\site-packages\django\contrib\contenttypes\admin.py first seen with mtime 1662600666.1541588
DEBUG File C:\Users\shiva\AppData\Local\Programs\Python\Python39\Lib\email\mime\nonmultipart.py first seen with mtime 1620034494.0
DEBUG File C:\Users\shiva\environment\assignenv\Lib\site-packages\django\urls\conf.py first seen with mtime 1662600674.2097342
DEBUG File C:\Users\shiva\environment\assignenv\Lib\site-packages\django\db\migrations\operations\special.py first seen with mtime 1662600673.7107086
DEBUG File C:\Users\shiva\environment\assignenv\Lib\site-packages\django\template\loaders\__init__.py first seen with mtime 1662600674.1367288
DEBUG File C:\Users\shiva\AppData\Local\Programs\Python\Python39\Lib\string.py first seen with mtime 1620034494.0
DEBUG File C:\Users\shiva\AppData\Local\Programs\Python\Python39\Lib\xml\parsers\__init__.py first seen with mtime 1620034496.0
DEBUG File C:\Users\shiva\AppData\Local\Programs\Python\Python39\Lib\unittest\result.py first seen with mtime 1620034496.0
DEBUG File C:\Users\shiva\environment\assignenv\Lib\site-packages\django\contrib\admin\templatetags\base.py first seen with mtime 1662600663.6897354
DEBUG File C:\Users\shiva\environment\assignenv\Lib\site-packages\django\db\models\lookups.py first seen with mtime 1662600673.7427158
DEBUG File C:\Users\shiva\environment\assignenv\Lib\site-packages\django\db\backends\ddl_references.py first seen with mtime 1662600673.4936943
DEBUG File C:\Users\shiva\environment\assignenv\Lib\site-packages\django\db\migrations\recorder.py first seen with mtime 1662600673.6897097
DEBUG File C:\Users\shiva\environment\assignenv\Lib\site-packages\django\core\files\images.py first seen with mtime 1662600673.3096795
DEBUG File C:\Users\shiva\AppData\Local\Programs\Python\Python39\Lib\urllib\__init__.py first seen with mtime 1620034496.0
DEBUG File C:\Users\shiva\AppData\Local\Programs\Python\Python39\Lib\email\base64mime.py first seen with mtime 1620034494.0
DEBUG File C:\Users\shiva\AppData\Local\Programs\Python\Python39\Lib\logging\handlers.py first seen with mtime 1620034494.0
DEBUG File C:\Users\shiva\environment\assignenv\Lib\site-packages\setuptools\_distutils\fancy_getopt.py first seen with mtime 1662600435.8673272
DEBUG File C:\Users\shiva\environment\assignenv\Lib\site-packages\setuptools\windows_support.py first seen with mtime 1662600432.8292553
DEBUG File C:\Users\shiva\environment\assignenv\Lib\site-packages\sqlparse\engine\statement_splitter.py first seen with mtime 1662600657.0172827
DEBUG File C:\Users\shiva\AppData\Local\Programs\Python\Python39\Lib\_markupbase.py first seen with mtime 1620034494.0
DEBUG File C:\Users\shiva\AppData\Local\Programs\Python\Python39\Lib\urllib\error.py first seen with mtime 1620034496.0
DEBUG File C:\Users\shiva\environment\assignenv\Lib\site-packages\django\core\handlers\exception.py first seen with mtime 1662600673.3336823
DEBUG File C:\Users\shiva\environment\assignenv\Lib\site-packages\sqlparse\filters\output.py first seen with mtime 1662600657.0272856
DEBUG File C:\Users\shiva\AppData\Local\Programs\Python\Python39\Lib\xml\dom\minicompat.py first seen with mtime 1620034496.0
DEBUG File C:\Users\shiva\environment\assignenv\Lib\site-packages\django\apps\__init__.py first seen with mtime 1662600660.8355217
DEBUG File C:\Users\shiva\environment\assignenv\Lib\site-packages\setuptools\_distutils\command\__init__.py first seen with mtime 1662600437.780561
DEBUG File C:\Users\shiva\environment\assignenv\Lib\site-packages\setuptools\_importlib.py first seen with mtime 1662600432.9342651
DEBUG File C:\Users\shiva\environment\assignenv\Lib\site-packages\rest_framework\schemas\coreapi.py first seen with mtime 1662600816.400726
DEBUG File C:\Users\shiva\environment\assignenv\Lib\site-packages\django\db\backends\sqlite3\client.py first seen with mtime 1662600673.6297033
DEBUG File C:\Users\shiva\assignment\weather\weatherapp\apps.py first seen with mtime 1662612324.6198876
DEBUG File C:\Users\shiva\AppData\Local\Programs\Python\Python39\Lib\nturl2path.py first seen with mtime 1620034494.0
DEBUG File C:\Users\shiva\environment\assignenv\Lib\site-packages\pkg_resources\_vendor\packaging\tags.py first seen with mtime 1662600430.3703966
DEBUG File C:\Users\shiva\environment\assignenv\Lib\site-packages\django\conf\__init__.py first seen with mtime 1662600660.8475225
DEBUG File C:\Users\shiva\environment\assignenv\Lib\site-packages\setuptools\_vendor\pyparsing\core.py first seen with mtime 1662600439.4923244
DEBUG File C:\Users\shiva\environment\assignenv\Lib\site-packages\sqlparse\sql.py first seen with mtime 1662600657.005282
DEBUG File C:\Users\shiva\environment\assignenv\Lib\site-packages\django\template\__init__.py first seen with mtime 1662600674.0684836
DEBUG File C:\Users\shiva\AppData\Local\Programs\Python\Python39\Lib\gettext.py first seen with mtime 1620034494.0
DEBUG File C:\Users\shiva\AppData\Local\Programs\Python\Python39\Lib\warnings.py first seen with mtime 1620034496.0
DEBUG File C:\Users\shiva\assignment\weather\weather\urls.py first seen with mtime 1662612568.5499613
DEBUG File C:\Users\shiva\assignment\weather\weatherapp\serializers.py first seen with mtime 1662645139.2172053
DEBUG File C:\Users\shiva\AppData\Local\Programs\Python\Python39\Lib\asyncio\locks.py first seen with mtime 1620034494.0
DEBUG File C:\Users\shiva\assignment\weather\weather\__init__.py first seen with mtime 1662600731.2449834
DEBUG File C:\Users\shiva\environment\assignenv\Lib\site-packages\rest_framework\settings.py first seen with mtime 1662600816.1058078
DEBUG File C:\Users\shiva\environment\assignenv\Lib\site-packages\setuptools\_vendor\packaging\version.py first seen with mtime 1662600439.2083082
DEBUG File C:\Users\shiva\assignment\weather\weatherapp\urls.py first seen with mtime 1662643118.2315633
DEBUG File C:\Users\shiva\environment\assignenv\Lib\site-packages\django\core\mail\message.py first seen with mtime 1662600673.3406804
DEBUG File C:\Users\shiva\environment\assignenv\Lib\site-packages\rest_framework\utils\serializer_helpers.py first seen with mtime 1662600816.7737758
DEBUG File C:\Users\shiva\environment\assignenv\Lib\site-packages\django\forms\models.py first seen with mtime 1662600673.8627207
DEBUG File C:\Users\shiva\assignment\weather\weatherapp\__init__.py first seen with mtime 1662612324.668336
DEBUG File C:\Users\shiva\environment\assignenv\Lib\site-packages\django\core\servers\__init__.py first seen with mtime 1662600673.4806938
DEBUG File C:\Users\shiva\AppData\Local\Programs\Python\Python39\Lib\email\utils.py first seen with mtime 1620034494.0
DEBUG File C:\Users\shiva\environment\assignenv\Lib\site-packages\django\utils\baseconv.py first seen with mtime 1662600674.2427394
DEBUG File C:\Users\shiva\environment\assignenv\Lib\site-packages\django\contrib\sessions\__init__.py first seen with mtime 1662600671.9188664
DEBUG File C:\Users\shiva\AppData\Local\Programs\Python\Python39\Lib\html\parser.py first seen with mtime 1620034494.0
DEBUG File C:\Users\shiva\environment\assignenv\Lib\site-packages\django\contrib\auth\password_validation.py first seen with mtime 1662600665.2970967
DEBUG File C:\Users\shiva\environment\assignenv\Lib\site-packages\django\utils\datastructures.py first seen with mtime 1662600674.251742
DEBUG File C:\Users\shiva\environment\assignenv\Lib\site-packages\django\db\models\functions\text.py first seen with mtime 1662600673.809718
DEBUG File C:\Users\shiva\AppData\Local\Programs\Python\Python39\Lib\bz2.py first seen with mtime 1620034494.0
DEBUG File C:\Users\shiva\AppData\Local\Programs\Python\Python39\Lib\asyncio\threads.py first seen with mtime 1620034494.0
DEBUG File C:\Users\shiva\AppData\Local\Programs\Python\Python39\Lib\difflib.py first seen with mtime 1620034494.0
DEBUG File C:\Users\shiva\AppData\Local\Programs\Python\Python39\Lib\platform.py first seen with mtime 1620034494.0
DEBUG File C:\Users\shiva\environment\assignenv\Lib\site-packages\django\forms\forms.py first seen with mtime 1662600673.8497217
DEBUG File C:\Users\shiva\environment\assignenv\Lib\site-packages\django\template\autoreload.py first seen with mtime 1662600674.0694835
DEBUG File C:\Users\shiva\environment\assignenv\Lib\site-packages\django\contrib\auth\backends.py first seen with mtime 1662600665.2630913
DEBUG File C:\Users\shiva\AppData\Local\Programs\Python\Python39\DLLs\unicodedata.pyd first seen with mtime 1620034546.0
DEBUG File C:\Users\shiva\environment\assignenv\Lib\site-packages\setuptools\_distutils\msvc9compiler.py first seen with mtime 1662600436.1083417
DEBUG File C:\Users\shiva\environment\assignenv\Lib\site-packages\django\utils\version.py first seen with mtime 1662600674.3437476
DEBUG File C:\Users\shiva\environment\assignenv\Lib\site-packages\setuptools\depends.py first seen with mtime 1662600431.678257
DEBUG File C:\Users\shiva\AppData\Local\Programs\Python\Python39\Lib\subprocess.py first seen with mtime 1620034494.0
DEBUG File C:\Users\shiva\AppData\Local\Programs\Python\Python39\Lib\http\__init__.py first seen with mtime 1620034494.0
DEBUG File C:\Users\shiva\AppData\Local\Programs\Python\Python39\Lib\json\decoder.py first seen with mtime 1620034494.0
DEBUG File C:\Users\shiva\environment\assignenv\Lib\site-packages\django\utils\html.py first seen with mtime 1662600674.2847412
DEBUG File C:\Users\shiva\environment\assignenv\Lib\site-packages\pytz\tzfile.py first seen with mtime 1662600654.2856648
DEBUG File C:\Users\shiva\AppData\Local\Programs\Python\Python39\Lib\asyncio\__init__.py first seen with mtime 1620034494.0
DEBUG File C:\Users\shiva\AppData\Local\Programs\Python\Python39\Lib\ssl.py first seen with mtime 1620034494.0
DEBUG File C:\Users\shiva\environment\assignenv\Lib\site-packages\django\test\signals.py first seen with mtime 1662600674.1907372
DEBUG File C:\Users\shiva\environment\assignenv\Lib\site-packages\django\contrib\sessions\base_session.py first seen with mtime 1662600671.9238684
DEBUG File C:\Users\shiva\environment\assignenv\Lib\site-packages\setuptools\extern\__init__.py first seen with mtime 1662600435.2022765
DEBUG File C:\Users\shiva\AppData\Local\Programs\Python\Python39\Lib\threading.py first seen with mtime 1620034496.0
DEBUG File C:\Users\shiva\AppData\Local\Programs\Python\Python39\Lib\queue.py first seen with mtime 1620034494.0
DEBUG File C:\Users\shiva\environment\assignenv\Lib\site-packages\pytz\__init__.py first seen with mtime 1662600654.2209597
DEBUG File C:\Users\shiva\environment\assignenv\Lib\site-packages\django\db\models\fields\reverse_related.py first seen with mtime 1662600673.7897177
DEBUG File C:\Users\shiva\environment\assignenv\Lib\site-packages\setuptools\_vendor\packaging\specifiers.py first seen with mtime 1662600439.0902967
DEBUG File C:\Users\shiva\environment\assignenv\Lib\site-packages\sqlparse\utils.py first seen with mtime 1662600657.009281
DEBUG File C:\Users\shiva\environment\assignenv\Lib\site-packages\django\urls\base.py first seen with mtime 1662600674.2077367
DEBUG File C:\Users\shiva\environment\assignenv\Lib\site-packages\setuptools\_vendor\importlib_metadata\_adapters.py first seen with mtime 1662600438.0305738
DEBUG File C:\Users\shiva\environment\assignenv\Lib\site-packages\django\apps\registry.py first seen with mtime 1662600660.8405216
DEBUG File C:\Users\shiva\environment\assignenv\Lib\site-packages\rest_framework\apps.py first seen with mtime 1662600816.0245967
DEBUG File C:\Users\shiva\environment\assignenv\Lib\site-packages\django\test\html.py first seen with mtime 1662600674.1837323
DEBUG File C:\Users\shiva\assignment\weather\templates\index.html first seen with mtime 1662645841.5563424
DEBUG File C:\Users\shiva\environment\assignenv\lib\site-packages\rest_framework\templates\rest_framework first seen with mtime 1662600816.690767
DEBUG File C:\Users\shiva\environment\assignenv\lib\site-packages\rest_framework\templates\rest_framework\admin first seen with mtime 1662600816.5607576
DEBUG File C:\Users\shiva\environment\assignenv\lib\site-packages\rest_framework\templates\rest_framework\admin.html first seen with mtime 1662600816.5277562
DEBUG File C:\Users\shiva\environment\assignenv\lib\site-packages\rest_framework\templates\rest_framework\api.html first seen with mtime 1662600816.5297573
DEBUG File C:\Users\shiva\environment\assignenv\lib\site-packages\rest_framework\templates\rest_framework\base.html first seen with mtime 1662600816.5357566
DEBUG File C:\Users\shiva\environment\assignenv\lib\site-packages\rest_framework\templates\rest_framework\docs first seen with mtime 1662600816.585761
DEBUG File C:\Users\shiva\environment\assignenv\lib\site-packages\rest_framework\templates\rest_framework\filters first seen with mtime 1662600816.6067615
DEBUG File C:\Users\shiva\environment\assignenv\lib\site-packages\rest_framework\templates\rest_framework\horizontal first seen with mtime 1662600816.6447651
DEBUG File C:\Users\shiva\environment\assignenv\lib\site-packages\rest_framework\templates\rest_framework\inline first seen with mtime 1662600816.6837697
DEBUG File C:\Users\shiva\environment\assignenv\lib\site-packages\rest_framework\templates\rest_framework\login.html first seen with mtime 1662600816.5377584
DEBUG File C:\Users\shiva\environment\assignenv\lib\site-packages\rest_framework\templates\rest_framework\login_base.html first seen with mtime 1662600816.5397582
DEBUG File C:\Users\shiva\environment\assignenv\lib\site-packages\rest_framework\templates\rest_framework\pagination first seen with mtime 1662600816.689765
DEBUG File C:\Users\shiva\environment\assignenv\lib\site-packages\rest_framework\templates\rest_framework\raw_data_form.html first seen with mtime 1662600816.5417607
DEBUG File C:\Users\shiva\environment\assignenv\lib\site-packages\rest_framework\templates\rest_framework\schema.js first seen with mtime 1662600816.5437603
DEBUG File C:\Users\shiva\environment\assignenv\lib\site-packages\rest_framework\templates\rest_framework\vertical first seen with mtime 1662600816.7287695
DEBUG File C:\Users\shiva\environment\assignenv\lib\site-packages\rest_framework\templates\rest_framework\admin\detail.html first seen with mtime 1662600816.5467565
DEBUG File C:\Users\shiva\environment\assignenv\lib\site-packages\rest_framework\templates\rest_framework\admin\dict_value.html first seen with mtime 1662600816.5497606
DEBUG File C:\Users\shiva\environment\assignenv\lib\site-packages\rest_framework\templates\rest_framework\admin\list.html first seen with mtime 1662600816.55176
DEBUG File C:\Users\shiva\environment\assignenv\lib\site-packages\rest_framework\templates\rest_framework\admin\list_value.html first seen with mtime 1662600816.5597558
DEBUG File C:\Users\shiva\environment\assignenv\lib\site-packages\rest_framework\templates\rest_framework\admin\simple_list_value.html first seen with mtime 1662600816.5617597
DEBUG File C:\Users\shiva\environment\assignenv\lib\site-packages\rest_framework\templates\rest_framework\docs\auth first seen with mtime 1662600816.5847602
DEBUG File C:\Users\shiva\environment\assignenv\lib\site-packages\rest_framework\templates\rest_framework\docs\document.html first seen with mtime 1662600816.5647607
DEBUG File C:\Users\shiva\environment\assignenv\lib\site-packages\rest_framework\templates\rest_framework\docs\error.html first seen with mtime 1662600816.5667613
DEBUG File C:\Users\shiva\environment\assignenv\lib\site-packages\rest_framework\templates\rest_framework\docs\index.html first seen with mtime 1662600816.5687625
DEBUG File C:\Users\shiva\environment\assignenv\lib\site-packages\rest_framework\templates\rest_framework\docs\interact.html first seen with mtime 1662600816.5717595
DEBUG File C:\Users\shiva\environment\assignenv\lib\site-packages\rest_framework\templates\rest_framework\docs\langs first seen with mtime 1662600816.5997608
DEBUG File C:\Users\shiva\environment\assignenv\lib\site-packages\rest_framework\templates\rest_framework\docs\link.html first seen with mtime 1662600816.5747595
DEBUG File C:\Users\shiva\environment\assignenv\lib\site-packages\rest_framework\templates\rest_framework\docs\sidebar.html first seen with mtime 1662600816.57776
DEBUG File C:\Users\shiva\environment\assignenv\lib\site-packages\rest_framework\templates\rest_framework\docs\auth\basic.html first seen with mtime 1662600816.5807602
DEBUG File C:\Users\shiva\environment\assignenv\lib\site-packages\rest_framework\templates\rest_framework\docs\auth\session.html first seen with mtime 1662600816.5827591
DEBUG File C:\Users\shiva\environment\assignenv\lib\site-packages\rest_framework\templates\rest_framework\docs\auth\token.html first seen with mtime 1662600816.5847602
DEBUG File C:\Users\shiva\environment\assignenv\lib\site-packages\rest_framework\templates\rest_framework\docs\langs\javascript-intro.html first seen with mtime 1662600816.587763
DEBUG File C:\Users\shiva\environment\assignenv\lib\site-packages\rest_framework\templates\rest_framework\docs\langs\javascript.html first seen with mtime 1662600816.5897593
DEBUG File C:\Users\shiva\environment\assignenv\lib\site-packages\rest_framework\templates\rest_framework\docs\langs\python-intro.html first seen with mtime 1662600816.5927706
DEBUG File C:\Users\shiva\environment\assignenv\lib\site-packages\rest_framework\templates\rest_framework\docs\langs\python.html first seen with mtime 1662600816.594761
DEBUG File C:\Users\shiva\environment\assignenv\lib\site-packages\rest_framework\templates\rest_framework\docs\langs\shell-intro.html first seen with mtime 1662600816.59776
DEBUG File C:\Users\shiva\environment\assignenv\lib\site-packages\rest_framework\templates\rest_framework\docs\langs\shell.html first seen with mtime 1662600816.6007636
DEBUG File C:\Users\shiva\environment\assignenv\lib\site-packages\rest_framework\templates\rest_framework\filters\base.html first seen with mtime 1662600816.6027608
DEBUG File C:\Users\shiva\environment\assignenv\lib\site-packages\rest_framework\templates\rest_framework\filters\ordering.html first seen with mtime 1662600816.6047606
DEBUG File C:\Users\shiva\environment\assignenv\lib\site-packages\rest_framework\templates\rest_framework\filters\search.html first seen with mtime 1662600816.6077619
DEBUG File C:\Users\shiva\environment\assignenv\lib\site-packages\rest_framework\templates\rest_framework\horizontal\checkbox.html first seen with mtime 1662600816.609762
DEBUG File C:\Users\shiva\environment\assignenv\lib\site-packages\rest_framework\templates\rest_framework\horizontal\checkbox_multiple.html first seen with mtime 1662600816.6127622
DEBUG File C:\Users\shiva\environment\assignenv\lib\site-packages\rest_framework\templates\rest_framework\horizontal\dict_field.html first seen with mtime 1662600816.623761
DEBUG File C:\Users\shiva\environment\assignenv\lib\site-packages\rest_framework\templates\rest_framework\horizontal\fieldset.html first seen with mtime 1662600816.6257677
DEBUG File C:\Users\shiva\environment\assignenv\lib\site-packages\rest_framework\templates\rest_framework\horizontal\form.html first seen with mtime 1662600816.6277645
DEBUG File C:\Users\shiva\environment\assignenv\lib\site-packages\rest_framework\templates\rest_framework\horizontal\input.html first seen with mtime 1662600816.630766
DEBUG File C:\Users\shiva\environment\assignenv\lib\site-packages\rest_framework\templates\rest_framework\horizontal\list_field.html first seen with mtime 1662600816.632766
DEBUG File C:\Users\shiva\environment\assignenv\lib\site-packages\rest_framework\templates\rest_framework\horizontal\list_fieldset.html first seen with mtime 1662600816.6357636
DEBUG File C:\Users\shiva\environment\assignenv\lib\site-packages\rest_framework\templates\rest_framework\horizontal\radio.html first seen with mtime 1662600816.6377628
DEBUG File C:\Users\shiva\environment\assignenv\lib\site-packages\rest_framework\templates\rest_framework\horizontal\select.html first seen with mtime 1662600816.6407633
DEBUG File C:\Users\shiva\environment\assignenv\lib\site-packages\rest_framework\templates\rest_framework\horizontal\select_multiple.html first seen with mtime 1662600816.6427636
DEBUG File C:\Users\shiva\environment\assignenv\lib\site-packages\rest_framework\templates\rest_framework\horizontal\textarea.html first seen with mtime 1662600816.6457653
DEBUG File C:\Users\shiva\environment\assignenv\lib\site-packages\rest_framework\templates\rest_framework\inline\checkbox.html first seen with mtime 1662600816.648764
DEBUG File C:\Users\shiva\environment\assignenv\lib\site-packages\rest_framework\templates\rest_framework\inline\checkbox_multiple.html first seen with mtime 1662600816.6507647
DEBUG File C:\Users\shiva\environment\assignenv\lib\site-packages\rest_framework\templates\rest_framework\inline\dict_field.html first seen with mtime 1662600816.6627655
DEBUG File C:\Users\shiva\environment\assignenv\lib\site-packages\rest_framework\templates\rest_framework\inline\fieldset.html first seen with mtime 1662600816.6647654
DEBUG File C:\Users\shiva\environment\assignenv\lib\site-packages\rest_framework\templates\rest_framework\inline\form.html first seen with mtime 1662600816.6667671
DEBUG File C:\Users\shiva\environment\assignenv\lib\site-packages\rest_framework\templates\rest_framework\inline\input.html first seen with mtime 1662600816.6687665
DEBUG File C:\Users\shiva\environment\assignenv\lib\site-packages\rest_framework\templates\rest_framework\inline\list_field.html first seen with mtime 1662600816.6717663
DEBUG File C:\Users\shiva\environment\assignenv\lib\site-packages\rest_framework\templates\rest_framework\inline\list_fieldset.html first seen with mtime 1662600816.6737707
DEBUG File C:\Users\shiva\environment\assignenv\lib\site-packages\rest_framework\templates\rest_framework\inline\radio.html first seen with mtime 1662600816.6767662
DEBUG File C:\Users\shiva\environment\assignenv\lib\site-packages\rest_framework\templates\rest_framework\inline\select.html first seen with mtime 1662600816.6787677
DEBUG File C:\Users\shiva\environment\assignenv\lib\site-packages\rest_framework\templates\rest_framework\inline\select_multiple.html first seen with mtime 1662600816.6817672
DEBUG File C:\Users\shiva\environment\assignenv\lib\site-packages\rest_framework\templates\rest_framework\inline\textarea.html first seen with mtime 1662600816.684768
DEBUG File C:\Users\shiva\environment\assignenv\lib\site-packages\rest_framework\templates\rest_framework\pagination\numbers.html first seen with mtime 1662600816.6877673
DEBUG File C:\Users\shiva\environment\assignenv\lib\site-packages\rest_framework\templates\rest_framework\pagination\previous_and_next.html first seen with mtime 1662600816.689765
DEBUG File C:\Users\shiva\environment\assignenv\lib\site-packages\rest_framework\templates\rest_framework\vertical\checkbox.html first seen with mtime 1662600816.6927676
DEBUG File C:\Users\shiva\environment\assignenv\lib\site-packages\rest_framework\templates\rest_framework\vertical\checkbox_multiple.html first seen with mtime 1662600816.694767
DEBUG File C:\Users\shiva\environment\assignenv\lib\site-packages\rest_framework\templates\rest_framework\vertical\dict_field.html first seen with mtime 1662600816.7077672
DEBUG File C:\Users\shiva\environment\assignenv\lib\site-packages\rest_framework\templates\rest_framework\vertical\fieldset.html first seen with mtime 1662600816.7097676
DEBUG File C:\Users\shiva\environment\assignenv\lib\site-packages\rest_framework\templates\rest_framework\vertical\form.html first seen with mtime 1662600816.7117689
DEBUG File C:\Users\shiva\environment\assignenv\lib\site-packages\rest_framework\templates\rest_framework\vertical\input.html first seen with mtime 1662600816.71377
DEBUG File C:\Users\shiva\environment\assignenv\lib\site-packages\rest_framework\templates\rest_framework\vertical\list_field.html first seen with mtime 1662600816.7167692
DEBUG File C:\Users\shiva\environment\assignenv\lib\site-packages\rest_framework\templates\rest_framework\vertical\list_fieldset.html first seen with mtime 1662600816.7197688
DEBUG File C:\Users\shiva\environment\assignenv\lib\site-packages\rest_framework\templates\rest_framework\vertical\radio.html first seen with mtime 1662600816.721769
DEBUG File C:\Users\shiva\environment\assignenv\lib\site-packages\rest_framework\templates\rest_framework\vertical\select.html first seen with mtime 1662600816.7237685
DEBUG File C:\Users\shiva\environment\assignenv\lib\site-packages\rest_framework\templates\rest_framework\vertical\select_multiple.html first seen with mtime 1662600816.7267697
DEBUG File C:\Users\shiva\environment\assignenv\lib\site-packages\rest_framework\templates\rest_framework\vertical\textarea.html first seen with mtime 1662600816.7287695
DEBUG File C:\Users\shiva\environment\assignenv\lib\site-packages\rest_framework\locale\ach\LC_MESSAGES\django.mo first seen with mtime 1662600816.188815
DEBUG File C:\Users\shiva\environment\assignenv\lib\site-packages\rest_framework\locale\ar\LC_MESSAGES\django.mo first seen with mtime 1662600816.1918144
DEBUG File C:\Users\shiva\environment\assignenv\lib\site-packages\rest_framework\locale\az\LC_MESSAGES\django.mo first seen with mtime 1662600816.1958127
DEBUG File C:\Users\shiva\environment\assignenv\lib\site-packages\rest_framework\locale\be\LC_MESSAGES\django.mo first seen with mtime 1662600816.198815
DEBUG File C:\Users\shiva\environment\assignenv\lib\site-packages\rest_framework\locale\bg\LC_MESSAGES\django.mo first seen with mtime 1662600816.2028148
DEBUG File C:\Users\shiva\environment\assignenv\lib\site-packages\rest_framework\locale\ca\LC_MESSAGES\django.mo first seen with mtime 1662600816.2068152
DEBUG File C:\Users\shiva\environment\assignenv\lib\site-packages\rest_framework\locale\ca_ES\LC_MESSAGES\django.mo first seen with mtime 1662600816.2098198
DEBUG File C:\Users\shiva\environment\assignenv\lib\site-packages\rest_framework\locale\cs\LC_MESSAGES\django.mo first seen with mtime 1662600816.2187147
DEBUG File C:\Users\shiva\environment\assignenv\lib\site-packages\rest_framework\locale\da\LC_MESSAGES\django.mo first seen with mtime 1662600816.2217133
DEBUG File C:\Users\shiva\environment\assignenv\lib\site-packages\rest_framework\locale\de\LC_MESSAGES\django.mo first seen with mtime 1662600816.2237158
DEBUG File C:\Users\shiva\environment\assignenv\lib\site-packages\rest_framework\locale\el\LC_MESSAGES\django.mo first seen with mtime 1662600816.2277172
DEBUG File C:\Users\shiva\environment\assignenv\lib\site-packages\rest_framework\locale\el_GR\LC_MESSAGES\django.mo first seen with mtime 1662600816.230714
DEBUG File C:\Users\shiva\environment\assignenv\lib\site-packages\rest_framework\locale\en\LC_MESSAGES\django.mo first seen with mtime 1662600816.2347147
DEBUG File C:\Users\shiva\environment\assignenv\lib\site-packages\rest_framework\locale\en_AU\LC_MESSAGES\django.mo first seen with mtime 1662600816.2377152
DEBUG File C:\Users\shiva\environment\assignenv\lib\site-packages\rest_framework\locale\en_CA\LC_MESSAGES\django.mo first seen with mtime 1662600816.240717
DEBUG File C:\Users\shiva\environment\assignenv\lib\site-packages\rest_framework\locale\en_US\LC_MESSAGES\django.mo first seen with mtime 1662600816.2447152
DEBUG File C:\Users\shiva\environment\assignenv\lib\site-packages\rest_framework\locale\es\LC_MESSAGES\django.mo first seen with mtime 1662600816.2477162
DEBUG File C:\Users\shiva\environment\assignenv\lib\site-packages\rest_framework\locale\et\LC_MESSAGES\django.mo first seen with mtime 1662600816.2507167
DEBUG File C:\Users\shiva\environment\assignenv\lib\site-packages\rest_framework\locale\fa\LC_MESSAGES\django.mo first seen with mtime 1662600816.2537165
DEBUG File C:\Users\shiva\environment\assignenv\lib\site-packages\rest_framework\locale\fa_IR\LC_MESSAGES\django.mo first seen with mtime 1662600816.257717
DEBUG File C:\Users\shiva\environment\assignenv\lib\site-packages\rest_framework\locale\fi\LC_MESSAGES\django.mo first seen with mtime 1662600816.2607167
DEBUG File C:\Users\shiva\environment\assignenv\lib\site-packages\rest_framework\locale\fr\LC_MESSAGES\django.mo first seen with mtime 1662600816.2637165
DEBUG File C:\Users\shiva\environment\assignenv\lib\site-packages\rest_framework\locale\fr_CA\LC_MESSAGES\django.mo first seen with mtime 1662600816.267722
DEBUG File C:\Users\shiva\environment\assignenv\lib\site-packages\rest_framework\locale\gl\LC_MESSAGES\django.mo first seen with mtime 1662600816.2707174
DEBUG File C:\Users\shiva\environment\assignenv\lib\site-packages\rest_framework\locale\gl_ES\LC_MESSAGES\django.mo first seen with mtime 1662600816.273718
DEBUG File C:\Users\shiva\environment\assignenv\lib\site-packages\rest_framework\locale\he_IL\LC_MESSAGES\django.mo first seen with mtime 1662600816.27772
DEBUG File C:\Users\shiva\environment\assignenv\lib\site-packages\rest_framework\locale\hu\LC_MESSAGES\django.mo first seen with mtime 1662600816.2827444
DEBUG File C:\Users\shiva\environment\assignenv\lib\site-packages\rest_framework\locale\hy\LC_MESSAGES\django.mo first seen with mtime 1662600816.2867193
DEBUG File C:\Users\shiva\environment\assignenv\lib\site-packages\rest_framework\locale\id\LC_MESSAGES\django.mo first seen with mtime 1662600816.2897203
DEBUG File C:\Users\shiva\environment\assignenv\lib\site-packages\rest_framework\locale\it\LC_MESSAGES\django.mo first seen with mtime 1662600816.2937207
DEBUG File C:\Users\shiva\environment\assignenv\lib\site-packages\rest_framework\locale\ja\LC_MESSAGES\django.mo first seen with mtime 1662600816.2967203
DEBUG File C:\Users\shiva\environment\assignenv\lib\site-packages\rest_framework\locale\ko_KR\LC_MESSAGES\django.mo first seen with mtime 1662600816.300721
DEBUG File C:\Users\shiva\environment\assignenv\lib\site-packages\rest_framework\locale\lt\LC_MESSAGES\django.mo first seen with mtime 1662600816.30372
DEBUG File C:\Users\shiva\environment\assignenv\lib\site-packages\rest_framework\locale\lv\LC_MESSAGES\django.mo first seen with mtime 1662600816.3067193
DEBUG File C:\Users\shiva\environment\assignenv\lib\site-packages\rest_framework\locale\mk\LC_MESSAGES\django.mo first seen with mtime 1662600816.3097193
DEBUG File C:\Users\shiva\environment\assignenv\lib\site-packages\rest_framework\locale\nb\LC_MESSAGES\django.mo first seen with mtime 1662600816.3127215
DEBUG File C:\Users\shiva\environment\assignenv\lib\site-packages\rest_framework\locale\ne_NP\LC_MESSAGES\django.mo first seen with mtime 1662600816.3167205
DEBUG File C:\Users\shiva\environment\assignenv\lib\site-packages\rest_framework\locale\nl\LC_MESSAGES\django.mo first seen with mtime 1662600816.318721
DEBUG File C:\Users\shiva\environment\assignenv\lib\site-packages\rest_framework\locale\nn\LC_MESSAGES\django.mo first seen with mtime 1662600816.3217223
DEBUG File C:\Users\shiva\environment\assignenv\lib\site-packages\rest_framework\locale\no\LC_MESSAGES\django.mo first seen with mtime 1662600816.324723
DEBUG File C:\Users\shiva\environment\assignenv\lib\site-packages\rest_framework\locale\pl\LC_MESSAGES\django.mo first seen with mtime 1662600816.3277233
DEBUG File C:\Users\shiva\environment\assignenv\lib\site-packages\rest_framework\locale\pt\LC_MESSAGES\django.mo first seen with mtime 1662600816.3317225
DEBUG File C:\Users\shiva\environment\assignenv\lib\site-packages\rest_framework\locale\pt_BR\LC_MESSAGES\django.mo first seen with mtime 1662600816.3347232
DEBUG File C:\Users\shiva\environment\assignenv\lib\site-packages\rest_framework\locale\pt_PT\LC_MESSAGES\django.mo first seen with mtime 1662600816.338725
DEBUG File C:\Users\shiva\environment\assignenv\lib\site-packages\rest_framework\locale\ro\LC_MESSAGES\django.mo first seen with mtime 1662600816.3447237
DEBUG File C:\Users\shiva\environment\assignenv\lib\site-packages\rest_framework\locale\ru\LC_MESSAGES\django.mo first seen with mtime 1662600816.3477297
DEBUG File C:\Users\shiva\environment\assignenv\lib\site-packages\rest_framework\locale\ru_RU\LC_MESSAGES\django.mo first seen with mtime 1662600816.3517263
DEBUG File C:\Users\shiva\environment\assignenv\lib\site-packages\rest_framework\locale\sk\LC_MESSAGES\django.mo first seen with mtime 1662600816.3547258
DEBUG File C:\Users\shiva\environment\assignenv\lib\site-packages\rest_framework\locale\sl\LC_MESSAGES\django.mo first seen with mtime 1662600816.358724
DEBUG File C:\Users\shiva\environment\assignenv\lib\site-packages\rest_framework\locale\sv\LC_MESSAGES\django.mo first seen with mtime 1662600816.361725
DEBUG File C:\Users\shiva\environment\assignenv\lib\site-packages\rest_framework\locale\th\LC_MESSAGES\django.mo first seen with mtime 1662600816.365725
DEBUG File C:\Users\shiva\environment\assignenv\lib\site-packages\rest_framework\locale\tr\LC_MESSAGES\django.mo first seen with mtime 1662600816.3687303
DEBUG File C:\Users\shiva\environment\assignenv\lib\site-packages\rest_framework\locale\tr_TR\LC_MESSAGES\django.mo first seen with mtime 1662600816.3717265
DEBUG File C:\Users\shiva\environment\assignenv\lib\site-packages\rest_framework\locale\uk\LC_MESSAGES\django.mo first seen with mtime 1662600816.3747244
DEBUG File C:\Users\shiva\environment\assignenv\lib\site-packages\rest_framework\locale\vi\LC_MESSAGES\django.mo first seen with mtime 1662600816.377727
DEBUG File C:\Users\shiva\environment\assignenv\lib\site-packages\rest_framework\locale\zh_CN\LC_MESSAGES\django.mo first seen with mtime 1662600816.3807273
DEBUG File C:\Users\shiva\environment\assignenv\lib\site-packages\rest_framework\locale\zh_Hans\LC_MESSAGES\django.mo first seen with mtime 1662600816.3847282
DEBUG File C:\Users\shiva\environment\assignenv\lib\site-packages\rest_framework\locale\zh_Hant\LC_MESSAGES\django.mo first seen with mtime 1662600816.3877258
DEBUG File C:\Users\shiva\environment\assignenv\lib\site-packages\rest_framework\locale\zh_TW\LC_MESSAGES\django.mo first seen with mtime 1662600816.3907275
DEBUG File C:\Users\shiva\environment\assignenv\Lib\site-packages\django\contrib\contenttypes\migrations\0002_remove_content_type_name.py first seen with mtime 1662600666.879212
DEBUG File C:\Users\shiva\environment\assignenv\Lib\site-packages\django\contrib\auth\migrations\0007_alter_validators_add_error_messages.py first seen with mtime 1662600666.1231558
DEBUG File C:\Users\shiva\assignment\weather\weather\wsgi.py first seen with mtime 1662600731.2429807
DEBUG File C:\Users\shiva\AppData\Local\Programs\Python\Python39\Lib\encodings\idna.py first seen with mtime 1620034494.0
DEBUG File C:\Users\shiva\environment\assignenv\Lib\site-packages\django\contrib\auth\migrations\__init__.py first seen with mtime 1662600666.1381578
DEBUG File C:\Users\shiva\environment\assignenv\Lib\site-packages\django\contrib\auth\migrations\0012_alter_user_first_name_max_length.py first seen with mtime 1662600666.1361556
DEBUG File C:\Users\shiva\environment\assignenv\Lib\site-packages\django\contrib\auth\migrations\0011_update_proxy_permissions.py first seen with mtime 1662600666.1331553
DEBUG File C:\Users\shiva\assignment\weather\weatherapp\migrations\0001_initial.py first seen with mtime 1662612614.825294
DEBUG File C:\Users\shiva\environment\assignenv\Lib\site-packages\django\contrib\admin\migrations\0001_initial.py first seen with mtime 1662600663.1176896
DEBUG File C:\Users\shiva\environment\assignenv\Lib\site-packages\django\middleware\clickjacking.py first seen with mtime 1662600674.0477357
DEBUG File C:\Users\shiva\environment\assignenv\Lib\site-packages\django\contrib\auth\migrations\0006_require_contenttypes_0002.py first seen with mtime 1662600666.1211574
DEBUG File C:\Users\shiva\environment\assignenv\Lib\site-packages\django\contrib\contenttypes\migrations\__init__.py first seen with mtime 1662600666.8802142
DEBUG File C:\Users\shiva\environment\assignenv\Lib\site-packages\django\contrib\contenttypes\migrations\0001_initial.py first seen with mtime 1662600666.8762107
DEBUG File C:\Users\shiva\environment\assignenv\Lib\site-packages\django\contrib\sessions\backends\db.py first seen with mtime 1662600671.9478693
DEBUG File C:\Users\shiva\environment\assignenv\Lib\site-packages\django\contrib\admin\migrations\0002_logentry_remove_auto_add.py first seen with mtime 1662600663.1196897
DEBUG File C:\Users\shiva\environment\assignenv\Lib\site-packages\django\contrib\auth\migrations\0009_alter_user_last_name_max_length.py first seen with mtime 1662600666.1281552
DEBUG File C:\Users\shiva\assignment\weather\weatherapp\migrations\__init__.py first seen with mtime 1662612324.671337
DEBUG File C:\Users\shiva\environment\assignenv\Lib\site-packages\django\contrib\admin\migrations\__init__.py first seen with mtime 1662600663.1316907
DEBUG File C:\Users\shiva\environment\assignenv\Lib\site-packages\django\contrib\admin\migrations\0003_logentry_add_action_flag_choices.py first seen with mtime 1662600663.1296923
DEBUG File C:\Users\shiva\environment\assignenv\Lib\site-packages\django\contrib\sessions\migrations\0001_initial.py first seen with mtime 1662600672.569915
DEBUG File C:\Users\shiva\environment\assignenv\Lib\site-packages\django\contrib\auth\migrations\0002_alter_permission_name_max_length.py first seen with mtime 1662600666.1101553
DEBUG File C:\Users\shiva\environment\assignenv\Lib\site-packages\django\contrib\auth\migrations\0004_alter_user_username_opts.py first seen with mtime 1662600666.116156
DEBUG File C:\Users\shiva\environment\assignenv\Lib\site-packages\django\contrib\auth\migrations\0008_alter_user_username_max_length.py first seen with mtime 1662600666.1261559
DEBUG File C:\Users\shiva\AppData\Local\Programs\Python\Python39\Lib\stringprep.py first seen with mtime 1620034494.0
DEBUG File C:\Users\shiva\environment\assignenv\Lib\site-packages\django\contrib\auth\migrations\0010_alter_group_name_max_length.py first seen with mtime 1662600666.1311626
DEBUG File C:\Users\shiva\environment\assignenv\Lib\site-packages\django\contrib\sessions\migrations\__init__.py first seen with mtime 1662600672.5709145
DEBUG File C:\Users\shiva\environment\assignenv\Lib\site-packages\django\contrib\auth\migrations\0005_alter_user_last_login_null.py first seen with mtime 1662600666.118156
DEBUG File C:\Users\shiva\environment\assignenv\Lib\site-packages\django\contrib\auth\migrations\0001_initial.py first seen with mtime 1662600666.108155
DEBUG File C:\Users\shiva\environment\assignenv\Lib\site-packages\django\db\models\sql\compiler.py first seen with mtime 1662600673.8187182
DEBUG File C:\Users\shiva\environment\assignenv\Lib\site-packages\django\contrib\auth\migrations\0003_alter_user_email_max_length.py first seen with mtime 1662600666.1131563
INFO "GET / HTTP/1.1" 200 1322
DEBUG (0.000) SELECT "django_session"."session_key", "django_session"."session_data", "django_session"."expire_date" FROM "django_session" WHERE ("django_session"."expire_date" > '2022-09-08 14:12:45.122995' AND "django_session"."session_key" = 'p5j099l3y7v7rash8owpb4u3i8nsdz0s') LIMIT 21; args=('2022-09-08 14:12:45.122995', 'p5j099l3y7v7rash8owpb4u3i8nsdz0s')
DEBUG (0.000) SELECT "auth_user"."id", "auth_user"."password", "auth_user"."last_login", "auth_user"."is_superuser", "auth_user"."username", "auth_user"."first_name", "auth_user"."last_name", "auth_user"."email", "auth_user"."is_staff", "auth_user"."is_active", "auth_user"."date_joined" FROM "auth_user" WHERE "auth_user"."id" = 1 LIMIT 21; args=(1,)
DEBUG (0.000) SELECT "weatherapp_city"."id", "weatherapp_city"."city_name" FROM "weatherapp_city"; args=()
INFO "GET /api/ HTTP/1.1" 200 24
DEBUG File C:\Users\shiva\environment\assignenv\Lib\site-packages\django\contrib\messages\storage\session.py first seen with mtime 1662600669.1473005
DEBUG File C:\Users\shiva\environment\assignenv\Lib\site-packages\django\contrib\auth\context_processors.py first seen with mtime 1662600665.2810943
DEBUG File C:\Users\shiva\environment\assignenv\Lib\site-packages\django\contrib\messages\storage\fallback.py first seen with mtime 1662600669.145303
DEBUG File C:\Users\shiva\environment\assignenv\Lib\site-packages\django\contrib\messages\storage\base.py first seen with mtime 1662600669.141301
DEBUG File C:\Users\shiva\environment\assignenv\Lib\site-packages\django\contrib\messages\utils.py first seen with mtime 1662600669.134301
DEBUG File C:\Users\shiva\environment\assignenv\Lib\site-packages\django\template\context_processors.py first seen with mtime 1662600674.1037261
DEBUG File C:\Users\shiva\environment\assignenv\Lib\site-packages\django\contrib\messages\storage\cookie.py first seen with mtime 1662600669.143304
DEBUG File C:\Users\shiva\environment\assignenv\Lib\site-packages\django\contrib\sessions\serializers.py first seen with mtime 1662600671.9378693
DEBUG File C:\Users\shiva\environment\assignenv\Lib\site-packages\django\contrib\messages\context_processors.py first seen with mtime 1662600669.130299
INFO "GET / HTTP/1.1" 200 1322
DEBUG (0.000) SELECT "django_session"."session_key", "django_session"."session_data", "django_session"."expire_date" FROM "django_session" WHERE ("django_session"."expire_date" > '2022-09-08 14:12:52.250868' AND "django_session"."session_key" = 'p5j099l3y7v7rash8owpb4u3i8nsdz0s') LIMIT 21; args=('2022-09-08 14:12:52.250868', 'p5j099l3y7v7rash8owpb4u3i8nsdz0s')
DEBUG (0.000) SELECT "auth_user"."id", "auth_user"."password", "auth_user"."last_login", "auth_user"."is_superuser", "auth_user"."username", "auth_user"."first_name", "auth_user"."last_name", "auth_user"."email", "auth_user"."is_staff", "auth_user"."is_active", "auth_user"."date_joined" FROM "auth_user" WHERE "auth_user"."id" = 1 LIMIT 21; args=(1,)
DEBUG (0.000) SELECT "weatherapp_city"."id", "weatherapp_city"."city_name" FROM "weatherapp_city"; args=()
INFO "GET /api/ HTTP/1.1" 200 24
INFO "GET /api/v1/ HTTP/1.1" 200 1322
DEBUG (0.000) SELECT "django_session"."session_key", "django_session"."session_data", "django_session"."expire_date" FROM "django_session" WHERE ("django_session"."expire_date" > '2022-09-08 14:13:00.923233' AND "django_session"."session_key" = 'p5j099l3y7v7rash8owpb4u3i8nsdz0s') LIMIT 21; args=('2022-09-08 14:13:00.923233', 'p5j099l3y7v7rash8owpb4u3i8nsdz0s')
DEBUG (0.000) SELECT "auth_user"."id", "auth_user"."password", "auth_user"."last_login", "auth_user"."is_superuser", "auth_user"."username", "auth_user"."first_name", "auth_user"."last_name", "auth_user"."email", "auth_user"."is_staff", "auth_user"."is_active", "auth_user"."date_joined" FROM "auth_user" WHERE "auth_user"."id" = 1 LIMIT 21; args=(1,)
DEBUG (0.000) SELECT "weatherapp_city"."id", "weatherapp_city"."city_name" FROM "weatherapp_city"; args=()
DEBUG Exception while resolving variable 'hide_label' in template 'rest_framework/horizontal/input.html'.
Traceback (most recent call last):
  File "C:\Users\shiva\environment\assignenv\lib\site-packages\django\template\base.py", line 829, in _resolve_lookup
    current = current[bit]
KeyError: 'hide_label'

During handling of the above exception, another exception occurred:

Traceback (most recent call last):
  File "C:\Users\shiva\environment\assignenv\lib\site-packages\django\template\base.py", line 837, in _resolve_lookup
    current = getattr(current, bit)
AttributeError: 'dict' object has no attribute 'hide_label'

During handling of the above exception, another exception occurred:

Traceback (most recent call last):
  File "C:\Users\shiva\environment\assignenv\lib\site-packages\django\template\base.py", line 843, in _resolve_lookup
    current = current[int(bit)]
ValueError: invalid literal for int() with base 10: 'hide_label'

During handling of the above exception, another exception occurred:

Traceback (most recent call last):
  File "C:\Users\shiva\environment\assignenv\lib\site-packages\django\template\base.py", line 848, in _resolve_lookup
    raise VariableDoesNotExist("Failed lookup for key "
django.template.base.VariableDoesNotExist: Failed lookup for key [hide_label] in {'base_template': 'input.html', 'input_type': 'text', 'template_pack': 'rest_framework/horizontal', 'renderer': <rest_framework.renderers.HTMLFormRenderer object at 0x0000023DF4B1C820>}
DEBUG Exception while resolving variable 'placeholder' in template 'rest_framework/horizontal/input.html'.
Traceback (most recent call last):
  File "C:\Users\shiva\environment\assignenv\lib\site-packages\django\template\base.py", line 829, in _resolve_lookup
    current = current[bit]
KeyError: 'placeholder'

During handling of the above exception, another exception occurred:

Traceback (most recent call last):
  File "C:\Users\shiva\environment\assignenv\lib\site-packages\django\template\base.py", line 837, in _resolve_lookup
    current = getattr(current, bit)
AttributeError: 'dict' object has no attribute 'placeholder'

During handling of the above exception, another exception occurred:

Traceback (most recent call last):
  File "C:\Users\shiva\environment\assignenv\lib\site-packages\django\template\base.py", line 843, in _resolve_lookup
    current = current[int(bit)]
ValueError: invalid literal for int() with base 10: 'placeholder'

During handling of the above exception, another exception occurred:

Traceback (most recent call last):
  File "C:\Users\shiva\environment\assignenv\lib\site-packages\django\template\base.py", line 848, in _resolve_lookup
    raise VariableDoesNotExist("Failed lookup for key "
django.template.base.VariableDoesNotExist: Failed lookup for key [placeholder] in {'base_template': 'input.html', 'input_type': 'text', 'template_pack': 'rest_framework/horizontal', 'renderer': <rest_framework.renderers.HTMLFormRenderer object at 0x0000023DF4B1C820>}
DEBUG Exception while resolving variable 'autofocus' in template 'rest_framework/horizontal/input.html'.
Traceback (most recent call last):
  File "C:\Users\shiva\environment\assignenv\lib\site-packages\django\template\base.py", line 829, in _resolve_lookup
    current = current[bit]
KeyError: 'autofocus'

During handling of the above exception, another exception occurred:

Traceback (most recent call last):
  File "C:\Users\shiva\environment\assignenv\lib\site-packages\django\template\base.py", line 837, in _resolve_lookup
    current = getattr(current, bit)
AttributeError: 'dict' object has no attribute 'autofocus'

During handling of the above exception, another exception occurred:

Traceback (most recent call last):
  File "C:\Users\shiva\environment\assignenv\lib\site-packages\django\template\base.py", line 843, in _resolve_lookup
    current = current[int(bit)]
ValueError: invalid literal for int() with base 10: 'autofocus'

During handling of the above exception, another exception occurred:

Traceback (most recent call last):
  File "C:\Users\shiva\environment\assignenv\lib\site-packages\django\template\base.py", line 848, in _resolve_lookup
    raise VariableDoesNotExist("Failed lookup for key "
django.template.base.VariableDoesNotExist: Failed lookup for key [autofocus] in {'base_template': 'input.html', 'input_type': 'text', 'template_pack': 'rest_framework/horizontal', 'renderer': <rest_framework.renderers.HTMLFormRenderer object at 0x0000023DF4B1C820>}
INFO "GET /api/ HTTP/1.1" 200 8430
INFO "GET /favicon.ico HTTP/1.1" 200 1322
DEBUG File C:\Users\shiva\environment\assignenv\Lib\site-packages\django\conf\locale\en\__init__.py first seen with mtime 1662600661.0395355
DEBUG File C:\Users\shiva\environment\assignenv\Lib\site-packages\django\conf\locale\en\formats.py first seen with mtime 1662600661.0415363
DEBUG File C:\Users\shiva\environment\assignenv\Lib\site-packages\django\contrib\staticfiles\storage.py first seen with mtime 1662600673.1722295
DEBUG (0.000) SELECT "django_session"."session_key", "django_session"."session_data", "django_session"."expire_date" FROM "django_session" WHERE ("django_session"."expire_date" > '2022-09-08 14:13:04.465159' AND "django_session"."session_key" = 'p5j099l3y7v7rash8owpb4u3i8nsdz0s') LIMIT 21; args=('2022-09-08 14:13:04.465159', 'p5j099l3y7v7rash8owpb4u3i8nsdz0s')
DEBUG (0.000) SELECT "auth_user"."id", "auth_user"."password", "auth_user"."last_login", "auth_user"."is_superuser", "auth_user"."username", "auth_user"."first_name", "auth_user"."last_name", "auth_user"."email", "auth_user"."is_staff", "auth_user"."is_active", "auth_user"."date_joined" FROM "auth_user" WHERE "auth_user"."id" = 1 LIMIT 21; args=(1,)
DEBUG (0.000) SELECT (1) AS "a" FROM "weatherapp_city" WHERE "weatherapp_city"."city_name" = 'Utah' LIMIT 1; args=('Utah',)
DEBUG (0.109) INSERT INTO "weatherapp_city" ("city_name") VALUES ('Utah'); args=['Utah']
DEBUG Exception while resolving variable 'hide_label' in template 'rest_framework/horizontal/input.html'.
Traceback (most recent call last):
  File "C:\Users\shiva\environment\assignenv\lib\site-packages\django\template\base.py", line 829, in _resolve_lookup
    current = current[bit]
KeyError: 'hide_label'

During handling of the above exception, another exception occurred:

Traceback (most recent call last):
  File "C:\Users\shiva\environment\assignenv\lib\site-packages\django\template\base.py", line 837, in _resolve_lookup
    current = getattr(current, bit)
AttributeError: 'dict' object has no attribute 'hide_label'

During handling of the above exception, another exception occurred:

Traceback (most recent call last):
  File "C:\Users\shiva\environment\assignenv\lib\site-packages\django\template\base.py", line 843, in _resolve_lookup
    current = current[int(bit)]
ValueError: invalid literal for int() with base 10: 'hide_label'

During handling of the above exception, another exception occurred:

Traceback (most recent call last):
  File "C:\Users\shiva\environment\assignenv\lib\site-packages\django\template\base.py", line 848, in _resolve_lookup
    raise VariableDoesNotExist("Failed lookup for key "
django.template.base.VariableDoesNotExist: Failed lookup for key [hide_label] in {'base_template': 'input.html', 'input_type': 'text', 'template_pack': 'rest_framework/horizontal', 'renderer': <rest_framework.renderers.HTMLFormRenderer object at 0x0000023DF4CF7A00>}
DEBUG Exception while resolving variable 'placeholder' in template 'rest_framework/horizontal/input.html'.
Traceback (most recent call last):
  File "C:\Users\shiva\environment\assignenv\lib\site-packages\django\template\base.py", line 829, in _resolve_lookup
    current = current[bit]
KeyError: 'placeholder'

During handling of the above exception, another exception occurred:

Traceback (most recent call last):
  File "C:\Users\shiva\environment\assignenv\lib\site-packages\django\template\base.py", line 837, in _resolve_lookup
    current = getattr(current, bit)
AttributeError: 'dict' object has no attribute 'placeholder'

During handling of the above exception, another exception occurred:

Traceback (most recent call last):
  File "C:\Users\shiva\environment\assignenv\lib\site-packages\django\template\base.py", line 843, in _resolve_lookup
    current = current[int(bit)]
ValueError: invalid literal for int() with base 10: 'placeholder'

During handling of the above exception, another exception occurred:

Traceback (most recent call last):
  File "C:\Users\shiva\environment\assignenv\lib\site-packages\django\template\base.py", line 848, in _resolve_lookup
    raise VariableDoesNotExist("Failed lookup for key "
django.template.base.VariableDoesNotExist: Failed lookup for key [placeholder] in {'base_template': 'input.html', 'input_type': 'text', 'template_pack': 'rest_framework/horizontal', 'renderer': <rest_framework.renderers.HTMLFormRenderer object at 0x0000023DF4CF7A00>}
DEBUG Exception while resolving variable 'autofocus' in template 'rest_framework/horizontal/input.html'.
Traceback (most recent call last):
  File "C:\Users\shiva\environment\assignenv\lib\site-packages\django\template\base.py", line 829, in _resolve_lookup
    current = current[bit]
KeyError: 'autofocus'

During handling of the above exception, another exception occurred:

Traceback (most recent call last):
  File "C:\Users\shiva\environment\assignenv\lib\site-packages\django\template\base.py", line 837, in _resolve_lookup
    current = getattr(current, bit)
AttributeError: 'dict' object has no attribute 'autofocus'

During handling of the above exception, another exception occurred:

Traceback (most recent call last):
  File "C:\Users\shiva\environment\assignenv\lib\site-packages\django\template\base.py", line 843, in _resolve_lookup
    current = current[int(bit)]
ValueError: invalid literal for int() with base 10: 'autofocus'

During handling of the above exception, another exception occurred:

Traceback (most recent call last):
  File "C:\Users\shiva\environment\assignenv\lib\site-packages\django\template\base.py", line 848, in _resolve_lookup
    raise VariableDoesNotExist("Failed lookup for key "
django.template.base.VariableDoesNotExist: Failed lookup for key [autofocus] in {'base_template': 'input.html', 'input_type': 'text', 'template_pack': 'rest_framework/horizontal', 'renderer': <rest_framework.renderers.HTMLFormRenderer object at 0x0000023DF4CF7A00>}
INFO "POST /api/ HTTP/1.1" 201 8422
INFO "GET /favicon.ico HTTP/1.1" 200 1322
DEBUG File C:\Users\shiva\assignment\weather\weather\settings.py previous mtime: 1662646345.3152006, current mtime: 1662646433.950088
DEBUG C:\Users\shiva\assignment\weather\weather\settings.py notified as changed. Signal results: [(<function template_changed at 0x0000023DF3C9E5E0>, None), (<function translation_file_changed at 0x0000023DF4438820>, None)].
INFO C:\Users\shiva\assignment\weather\weather\settings.py changed, reloading.
